[0.232s] Invoking command in '/home/james/turtlebot3_ws/build/turtlebot3_fake_node': CMAKE_PREFIX_PATH=/home/james/turtlebot3_ws/install/turtlebot3_msgs:/home/james/turtlebot3_ws/install/turtlebot3:/home/james/turtlebot3_ws/install/turtlebot3_simulations:/home/james/turtlebot3_ws/install/turtlebot3_bringup:/home/james/turtlebot3_ws/install/turtlebot3_node:/home/james/turtlebot3_ws/install/turtlebot3_navigation2:/home/james/turtlebot3_ws/install/turtlebot3_fake_node:/home/james/turtlebot3_ws/install/turtlebot3_gazebo:/home/james/turtlebot3_ws/install/turtlebot3_description:/home/james/turtlebot3_ws/install/turtlebot3_cartographer:/home/james/turtlebot3_ws/install/dynamixel_sdk_examples:/home/james/turtlebot3_ws/install/dynamixel_sdk_custom_interfaces:/home/james/turtlebot3_ws/install/dynamixel_sdk:/home/james/turtlebot3_ws/install/turtlebot3_teleop:/home/james/turtlebot3_ws/install/turtlebot3_example:/home/james/turtlebot3_ws/install/follow_waypoints:/home/james/turtlebot3_ws/install/custom_launch:/opt/ros/humble LD_LIBRARY_PATH=/home/james/turtlebot3_ws/install/turtlebot3_msgs/lib:/home/james/turtlebot3_ws/install/dynamixel_sdk_custom_interfaces/lib:/home/james/turtlebot3_ws/install/dynamixel_sdk/lib:/usr/lib/x86_64-linux-gnu/gazebo-11/plugins:/opt/ros/humble/opt/rviz_ogre_vendor/lib:/opt/ros/humble/lib/x86_64-linux-gnu:/opt/ros/humble/lib:/usr/lib/x86_64-linux-gnu/gazebo-11/plugins /usr/bin/cmake /home/james/turtlebot3_ws/src/turtlebot3_simulations/turtlebot3_fake_node -DCMAKE_INSTALL_PREFIX=/home/james/turtlebot3_ws/install/turtlebot3_fake_node
[0.241s] -- Found ament_cmake: 1.3.10 (/opt/ros/humble/share/ament_cmake/cmake)
[0.347s] -- Override CMake install command with custom implementation using symlinks instead of copying resources
[0.352s] -- Found geometry_msgs: 4.2.4 (/opt/ros/humble/share/geometry_msgs/cmake)
[0.370s] -- Found rosidl_generator_c: 3.1.5 (/opt/ros/humble/share/rosidl_generator_c/cmake)
[0.372s] -- Found rosidl_adapter: 3.1.5 (/opt/ros/humble/share/rosidl_adapter/cmake)
[0.376s] -- Found rosidl_generator_cpp: 3.1.5 (/opt/ros/humble/share/rosidl_generator_cpp/cmake)
[0.384s] -- Using all available rosidl_typesupport_c: rosidl_typesupport_fastrtps_c;rosidl_typesupport_introspection_c
[0.392s] -- Using all available rosidl_typesupport_cpp: rosidl_typesupport_fastrtps_cpp;rosidl_typesupport_introspection_cpp
[0.416s] -- Found nav_msgs: 4.2.4 (/opt/ros/humble/share/nav_msgs/cmake)
[0.428s] -- Found rclcpp: 16.0.10 (/opt/ros/humble/share/rclcpp/cmake)
[0.444s] -- Found rmw_implementation_cmake: 6.1.2 (/opt/ros/humble/share/rmw_implementation_cmake/cmake)
[0.445s] -- Found rmw_fastrtps_cpp: 6.2.7 (/opt/ros/humble/share/rmw_fastrtps_cpp/cmake)
[0.521s] -- Using RMW implementation 'rmw_fastrtps_cpp' as default
[0.546s] -- Found sensor_msgs: 4.2.4 (/opt/ros/humble/share/sensor_msgs/cmake)
[0.557s] -- Found tf2: 0.25.8 (/opt/ros/humble/share/tf2/cmake)
[0.559s] -- Found tf2_msgs: 0.25.8 (/opt/ros/humble/share/tf2_msgs/cmake)
[0.584s] -- Found turtlebot3_msgs: 2.2.3 (/home/james/turtlebot3_ws/install/turtlebot3_msgs/share/turtlebot3_msgs/cmake)
[0.663s] -- Configuring done
[0.671s] -- Generating done
[0.672s] -- Build files have been written to: /home/james/turtlebot3_ws/build/turtlebot3_fake_node
[0.678s] Invoked command in '/home/james/turtlebot3_ws/build/turtlebot3_fake_node' returned '0': CMAKE_PREFIX_PATH=/home/james/turtlebot3_ws/install/turtlebot3_msgs:/home/james/turtlebot3_ws/install/turtlebot3:/home/james/turtlebot3_ws/install/turtlebot3_simulations:/home/james/turtlebot3_ws/install/turtlebot3_bringup:/home/james/turtlebot3_ws/install/turtlebot3_node:/home/james/turtlebot3_ws/install/turtlebot3_navigation2:/home/james/turtlebot3_ws/install/turtlebot3_fake_node:/home/james/turtlebot3_ws/install/turtlebot3_gazebo:/home/james/turtlebot3_ws/install/turtlebot3_description:/home/james/turtlebot3_ws/install/turtlebot3_cartographer:/home/james/turtlebot3_ws/install/dynamixel_sdk_examples:/home/james/turtlebot3_ws/install/dynamixel_sdk_custom_interfaces:/home/james/turtlebot3_ws/install/dynamixel_sdk:/home/james/turtlebot3_ws/install/turtlebot3_teleop:/home/james/turtlebot3_ws/install/turtlebot3_example:/home/james/turtlebot3_ws/install/follow_waypoints:/home/james/turtlebot3_ws/install/custom_launch:/opt/ros/humble LD_LIBRARY_PATH=/home/james/turtlebot3_ws/install/turtlebot3_msgs/lib:/home/james/turtlebot3_ws/install/dynamixel_sdk_custom_interfaces/lib:/home/james/turtlebot3_ws/install/dynamixel_sdk/lib:/usr/lib/x86_64-linux-gnu/gazebo-11/plugins:/opt/ros/humble/opt/rviz_ogre_vendor/lib:/opt/ros/humble/lib/x86_64-linux-gnu:/opt/ros/humble/lib:/usr/lib/x86_64-linux-gnu/gazebo-11/plugins /usr/bin/cmake /home/james/turtlebot3_ws/src/turtlebot3_simulations/turtlebot3_fake_node -DCMAKE_INSTALL_PREFIX=/home/james/turtlebot3_ws/install/turtlebot3_fake_node
[0.679s] Invoking command in '/home/james/turtlebot3_ws/build/turtlebot3_fake_node': CMAKE_PREFIX_PATH=/home/james/turtlebot3_ws/install/turtlebot3_msgs:/home/james/turtlebot3_ws/install/turtlebot3:/home/james/turtlebot3_ws/install/turtlebot3_simulations:/home/james/turtlebot3_ws/install/turtlebot3_bringup:/home/james/turtlebot3_ws/install/turtlebot3_node:/home/james/turtlebot3_ws/install/turtlebot3_navigation2:/home/james/turtlebot3_ws/install/turtlebot3_fake_node:/home/james/turtlebot3_ws/install/turtlebot3_gazebo:/home/james/turtlebot3_ws/install/turtlebot3_description:/home/james/turtlebot3_ws/install/turtlebot3_cartographer:/home/james/turtlebot3_ws/install/dynamixel_sdk_examples:/home/james/turtlebot3_ws/install/dynamixel_sdk_custom_interfaces:/home/james/turtlebot3_ws/install/dynamixel_sdk:/home/james/turtlebot3_ws/install/turtlebot3_teleop:/home/james/turtlebot3_ws/install/turtlebot3_example:/home/james/turtlebot3_ws/install/follow_waypoints:/home/james/turtlebot3_ws/install/custom_launch:/opt/ros/humble LD_LIBRARY_PATH=/home/james/turtlebot3_ws/install/turtlebot3_msgs/lib:/home/james/turtlebot3_ws/install/dynamixel_sdk_custom_interfaces/lib:/home/james/turtlebot3_ws/install/dynamixel_sdk/lib:/usr/lib/x86_64-linux-gnu/gazebo-11/plugins:/opt/ros/humble/opt/rviz_ogre_vendor/lib:/opt/ros/humble/lib/x86_64-linux-gnu:/opt/ros/humble/lib:/usr/lib/x86_64-linux-gnu/gazebo-11/plugins /usr/bin/cmake --build /home/james/turtlebot3_ws/build/turtlebot3_fake_node -- -j20 -l20
[0.716s] [35m[1mConsolidate compiler generated dependencies of target turtlebot3_fake_node[0m
[0.730s] [100%] Built target turtlebot3_fake_node
[0.739s] Invoked command in '/home/james/turtlebot3_ws/build/turtlebot3_fake_node' returned '0': CMAKE_PREFIX_PATH=/home/james/turtlebot3_ws/install/turtlebot3_msgs:/home/james/turtlebot3_ws/install/turtlebot3:/home/james/turtlebot3_ws/install/turtlebot3_simulations:/home/james/turtlebot3_ws/install/turtlebot3_bringup:/home/james/turtlebot3_ws/install/turtlebot3_node:/home/james/turtlebot3_ws/install/turtlebot3_navigation2:/home/james/turtlebot3_ws/install/turtlebot3_fake_node:/home/james/turtlebot3_ws/install/turtlebot3_gazebo:/home/james/turtlebot3_ws/install/turtlebot3_description:/home/james/turtlebot3_ws/install/turtlebot3_cartographer:/home/james/turtlebot3_ws/install/dynamixel_sdk_examples:/home/james/turtlebot3_ws/install/dynamixel_sdk_custom_interfaces:/home/james/turtlebot3_ws/install/dynamixel_sdk:/home/james/turtlebot3_ws/install/turtlebot3_teleop:/home/james/turtlebot3_ws/install/turtlebot3_example:/home/james/turtlebot3_ws/install/follow_waypoints:/home/james/turtlebot3_ws/install/custom_launch:/opt/ros/humble LD_LIBRARY_PATH=/home/james/turtlebot3_ws/install/turtlebot3_msgs/lib:/home/james/turtlebot3_ws/install/dynamixel_sdk_custom_interfaces/lib:/home/james/turtlebot3_ws/install/dynamixel_sdk/lib:/usr/lib/x86_64-linux-gnu/gazebo-11/plugins:/opt/ros/humble/opt/rviz_ogre_vendor/lib:/opt/ros/humble/lib/x86_64-linux-gnu:/opt/ros/humble/lib:/usr/lib/x86_64-linux-gnu/gazebo-11/plugins /usr/bin/cmake --build /home/james/turtlebot3_ws/build/turtlebot3_fake_node -- -j20 -l20
[0.764s] Invoking command in '/home/james/turtlebot3_ws/build/turtlebot3_fake_node': CMAKE_PREFIX_PATH=/home/james/turtlebot3_ws/install/turtlebot3_msgs:/home/james/turtlebot3_ws/install/turtlebot3:/home/james/turtlebot3_ws/install/turtlebot3_simulations:/home/james/turtlebot3_ws/install/turtlebot3_bringup:/home/james/turtlebot3_ws/install/turtlebot3_node:/home/james/turtlebot3_ws/install/turtlebot3_navigation2:/home/james/turtlebot3_ws/install/turtlebot3_fake_node:/home/james/turtlebot3_ws/install/turtlebot3_gazebo:/home/james/turtlebot3_ws/install/turtlebot3_description:/home/james/turtlebot3_ws/install/turtlebot3_cartographer:/home/james/turtlebot3_ws/install/dynamixel_sdk_examples:/home/james/turtlebot3_ws/install/dynamixel_sdk_custom_interfaces:/home/james/turtlebot3_ws/install/dynamixel_sdk:/home/james/turtlebot3_ws/install/turtlebot3_teleop:/home/james/turtlebot3_ws/install/turtlebot3_example:/home/james/turtlebot3_ws/install/follow_waypoints:/home/james/turtlebot3_ws/install/custom_launch:/opt/ros/humble LD_LIBRARY_PATH=/home/james/turtlebot3_ws/install/turtlebot3_msgs/lib:/home/james/turtlebot3_ws/install/dynamixel_sdk_custom_interfaces/lib:/home/james/turtlebot3_ws/install/dynamixel_sdk/lib:/usr/lib/x86_64-linux-gnu/gazebo-11/plugins:/opt/ros/humble/opt/rviz_ogre_vendor/lib:/opt/ros/humble/lib/x86_64-linux-gnu:/opt/ros/humble/lib:/usr/lib/x86_64-linux-gnu/gazebo-11/plugins /usr/bin/cmake --install /home/james/turtlebot3_ws/build/turtlebot3_fake_node
[0.769s] -- Install configuration: ""
[0.769s] -- Execute custom install script
[0.770s] -- Up-to-date symlink: /home/james/turtlebot3_ws/install/turtlebot3_fake_node/lib/turtlebot3_fake_node/turtlebot3_fake_node
[0.770s] -- Up-to-date symlink: /home/james/turtlebot3_ws/install/turtlebot3_fake_node/share/turtlebot3_fake_node/launch/rviz2.launch.py
[0.770s] -- Up-to-date symlink: /home/james/turtlebot3_ws/install/turtlebot3_fake_node/share/turtlebot3_fake_node/launch/turtlebot3_fake_node.launch.py
[0.770s] -- Up-to-date symlink: /home/james/turtlebot3_ws/install/turtlebot3_fake_node/share/turtlebot3_fake_node/param/burger.yaml
[0.771s] -- Up-to-date symlink: /home/james/turtlebot3_ws/install/turtlebot3_fake_node/share/turtlebot3_fake_node/param/waffle.yaml
[0.771s] -- Up-to-date symlink: /home/james/turtlebot3_ws/install/turtlebot3_fake_node/share/turtlebot3_fake_node/param/waffle_pi.yaml
[0.771s] -- Up-to-date symlink: /home/james/turtlebot3_ws/install/turtlebot3_fake_node/include//turtlebot3_fake_node/turtlebot3_fake_node.hpp
[0.772s] -- Up-to-date symlink: /home/james/turtlebot3_ws/install/turtlebot3_fake_node/share/ament_index/resource_index/package_run_dependencies/turtlebot3_fake_node
[0.772s] -- Up-to-date symlink: /home/james/turtlebot3_ws/install/turtlebot3_fake_node/share/ament_index/resource_index/parent_prefix_path/turtlebot3_fake_node
[0.772s] -- Up-to-date symlink: /home/james/turtlebot3_ws/install/turtlebot3_fake_node/share/turtlebot3_fake_node/environment/ament_prefix_path.sh
[0.772s] -- Up-to-date symlink: /home/james/turtlebot3_ws/install/turtlebot3_fake_node/share/turtlebot3_fake_node/environment/ament_prefix_path.dsv
[0.772s] -- Up-to-date symlink: /home/james/turtlebot3_ws/install/turtlebot3_fake_node/share/turtlebot3_fake_node/environment/path.sh
[0.773s] -- Up-to-date symlink: /home/james/turtlebot3_ws/install/turtlebot3_fake_node/share/turtlebot3_fake_node/environment/path.dsv
[0.773s] -- Up-to-date symlink: /home/james/turtlebot3_ws/install/turtlebot3_fake_node/share/turtlebot3_fake_node/local_setup.bash
[0.773s] -- Up-to-date symlink: /home/james/turtlebot3_ws/install/turtlebot3_fake_node/share/turtlebot3_fake_node/local_setup.sh
[0.773s] -- Up-to-date symlink: /home/james/turtlebot3_ws/install/turtlebot3_fake_node/share/turtlebot3_fake_node/local_setup.zsh
[0.773s] -- Up-to-date symlink: /home/james/turtlebot3_ws/install/turtlebot3_fake_node/share/turtlebot3_fake_node/local_setup.dsv
[0.773s] -- Symlinking: /home/james/turtlebot3_ws/install/turtlebot3_fake_node/share/turtlebot3_fake_node/package.dsv
[0.779s] -- Up-to-date symlink: /home/james/turtlebot3_ws/install/turtlebot3_fake_node/share/ament_index/resource_index/packages/turtlebot3_fake_node
[0.779s] -- Up-to-date symlink: /home/james/turtlebot3_ws/install/turtlebot3_fake_node/share/turtlebot3_fake_node/cmake/ament_cmake_export_include_directories-extras.cmake
[0.779s] -- Up-to-date symlink: /home/james/turtlebot3_ws/install/turtlebot3_fake_node/share/turtlebot3_fake_node/cmake/ament_cmake_export_dependencies-extras.cmake
[0.779s] -- Up-to-date symlink: /home/james/turtlebot3_ws/install/turtlebot3_fake_node/share/turtlebot3_fake_node/cmake/turtlebot3_fake_nodeConfig.cmake
[0.779s] -- Up-to-date symlink: /home/james/turtlebot3_ws/install/turtlebot3_fake_node/share/turtlebot3_fake_node/cmake/turtlebot3_fake_nodeConfig-version.cmake
[0.779s] -- Up-to-date symlink: /home/james/turtlebot3_ws/install/turtlebot3_fake_node/share/turtlebot3_fake_node/package.xml
[0.781s] Invoked command in '/home/james/turtlebot3_ws/build/turtlebot3_fake_node' returned '0': CMAKE_PREFIX_PATH=/home/james/turtlebot3_ws/install/turtlebot3_msgs:/home/james/turtlebot3_ws/install/turtlebot3:/home/james/turtlebot3_ws/install/turtlebot3_simulations:/home/james/turtlebot3_ws/install/turtlebot3_bringup:/home/james/turtlebot3_ws/install/turtlebot3_node:/home/james/turtlebot3_ws/install/turtlebot3_navigation2:/home/james/turtlebot3_ws/install/turtlebot3_fake_node:/home/james/turtlebot3_ws/install/turtlebot3_gazebo:/home/james/turtlebot3_ws/install/turtlebot3_description:/home/james/turtlebot3_ws/install/turtlebot3_cartographer:/home/james/turtlebot3_ws/install/dynamixel_sdk_examples:/home/james/turtlebot3_ws/install/dynamixel_sdk_custom_interfaces:/home/james/turtlebot3_ws/install/dynamixel_sdk:/home/james/turtlebot3_ws/install/turtlebot3_teleop:/home/james/turtlebot3_ws/install/turtlebot3_example:/home/james/turtlebot3_ws/install/follow_waypoints:/home/james/turtlebot3_ws/install/custom_launch:/opt/ros/humble LD_LIBRARY_PATH=/home/james/turtlebot3_ws/install/turtlebot3_msgs/lib:/home/james/turtlebot3_ws/install/dynamixel_sdk_custom_interfaces/lib:/home/james/turtlebot3_ws/install/dynamixel_sdk/lib:/usr/lib/x86_64-linux-gnu/gazebo-11/plugins:/opt/ros/humble/opt/rviz_ogre_vendor/lib:/opt/ros/humble/lib/x86_64-linux-gnu:/opt/ros/humble/lib:/usr/lib/x86_64-linux-gnu/gazebo-11/plugins /usr/bin/cmake --install /home/james/turtlebot3_ws/build/turtlebot3_fake_node
