[0.034s] Invoking command in '/home/james/turtlebot3_ws/build/turtlebot3_msgs': CMAKE_PREFIX_PATH=${CMAKE_PREFIX_PATH}:/home/james/turtlebot3_ws/install/turtlebot3_teleop:/home/james/turtlebot3_ws/install/turtlebot3_example:/home/james/turtlebot3_ws/install/follow_waypoints:/opt/ros/humble /usr/bin/cmake --build /home/james/turtlebot3_ws/build/turtlebot3_msgs -- -j20 -l20
[0.274s] [ 11%] Built target turtlebot3_msgs__rosidl_generator_c
[0.275s] [ 11%] Built target ament_cmake_python_symlink_turtlebot3_msgs
[0.275s] [ 12%] Built target turtlebot3_msgs__cpp
[0.275s] [ 23%] Built target turtlebot3_msgs__rosidl_typesupport_c
[0.275s] [ 35%] Built target turtlebot3_msgs__rosidl_typesupport_introspection_c
[0.275s] [ 46%] Built target turtlebot3_msgs__rosidl_typesupport_fastrtps_c
[0.276s] [ 57%] Built target turtlebot3_msgs__rosidl_typesupport_introspection_cpp
[0.276s] [ 69%] Built target turtlebot3_msgs__rosidl_typesupport_fastrtps_cpp
[0.276s] [ 80%] Built target turtlebot3_msgs__rosidl_typesupport_cpp
[0.276s] [ 80%] Built target turtlebot3_msgs
[0.276s] [ 81%] Built target turtlebot3_msgs__py
[0.276s] [ 91%] Built target turtlebot3_msgs__rosidl_generator_py
[0.276s] [ 94%] Built target turtlebot3_msgs__rosidl_typesupport_c__pyext
[0.276s] [ 97%] Built target turtlebot3_msgs__rosidl_typesupport_fastrtps_c__pyext
[0.276s] [100%] Built target turtlebot3_msgs__rosidl_typesupport_introspection_c__pyext
[0.284s] running egg_info
[0.284s] writing turtlebot3_msgs.egg-info/PKG-INFO
[0.284s] writing dependency_links to turtlebot3_msgs.egg-info/dependency_links.txt
[0.284s] writing top-level names to turtlebot3_msgs.egg-info/top_level.txt
[0.287s] reading manifest file 'turtlebot3_msgs.egg-info/SOURCES.txt'
[0.287s] writing manifest file 'turtlebot3_msgs.egg-info/SOURCES.txt'
[0.310s] [100%] Built target ament_cmake_python_build_turtlebot3_msgs_egg
