[1.043s] Invoking command in '/home/james/turtlebot3_ws/build/turtlebot3_teleop': PYTHONPATH=/home/james/turtlebot3_ws/build/turtlebot3_teleop/prefix_override:/usr/lib/python3/dist-packages/colcon_core/task/python/colcon_distutils_commands:/home/james/turtlebot3_ws/install/turtlebot3_teleop/lib/python3.10/site-packages:${PYTHONPATH} /usr/bin/python3 -W ignore:setup.py install is deprecated setup.py develop --editable --build-directory /home/james/turtlebot3_ws/build/turtlebot3_teleop/build --no-deps symlink_data
[1.168s] /home/james/.local/lib/python3.10/site-packages/setuptools/_distutils/dist.py:261: UserWarning: Unknown distribution option: 'tests_require'
[1.168s]   warnings.warn(msg)
[1.306s] running develop
[1.309s] /home/james/.local/lib/python3.10/site-packages/setuptools/command/develop.py:41: EasyInstallDeprecationWarning: easy_install command is deprecated.
[1.309s] !!
[1.309s] 
[1.309s]         ********************************************************************************
[1.309s]         Please avoid running ``setup.py`` and ``easy_install``.
[1.309s]         Instead, use pypa/build, pypa/installer or other
[1.309s]         standards-based tools.
[1.309s] 
[1.309s]         See https://github.com/pypa/setuptools/issues/917 for details.
[1.309s]         ********************************************************************************
[1.309s] 
[1.310s] !!
[1.310s]   easy_install.initialize_options(self)
[1.484s] running egg_info
[1.496s] writing turtlebot3_teleop.egg-info/PKG-INFO
[1.497s] writing dependency_links to turtlebot3_teleop.egg-info/dependency_links.txt
[1.497s] writing entry points to turtlebot3_teleop.egg-info/entry_points.txt
[1.498s] writing requirements to turtlebot3_teleop.egg-info/requires.txt
[1.498s] writing top-level names to turtlebot3_teleop.egg-info/top_level.txt
[1.522s] reading manifest file 'turtlebot3_teleop.egg-info/SOURCES.txt'
[1.523s] writing manifest file 'turtlebot3_teleop.egg-info/SOURCES.txt'
[1.536s] running build_ext
[1.536s] Creating /home/james/turtlebot3_ws/install/turtlebot3_teleop/lib/python3.10/site-packages/turtlebot3-teleop.egg-link (link to .)
[1.536s] Installing teleop_keyboard script to /home/james/turtlebot3_ws/install/turtlebot3_teleop/lib/turtlebot3_teleop
[1.537s] 
[1.537s] Installed /home/james/turtlebot3_ws/build/turtlebot3_teleop
[1.537s] running symlink_data
[1.570s] Invoked command in '/home/james/turtlebot3_ws/build/turtlebot3_teleop' returned '0': PYTHONPATH=/home/james/turtlebot3_ws/build/turtlebot3_teleop/prefix_override:/usr/lib/python3/dist-packages/colcon_core/task/python/colcon_distutils_commands:/home/james/turtlebot3_ws/install/turtlebot3_teleop/lib/python3.10/site-packages:${PYTHONPATH} /usr/bin/python3 -W ignore:setup.py install is deprecated setup.py develop --editable --build-directory /home/james/turtlebot3_ws/build/turtlebot3_teleop/build --no-deps symlink_data
