[0.707s] Invoking command in '/home/james/turtlebot3_ws/build/turtlebot3_teleop': PYTHONPATH=/home/james/turtlebot3_ws/build/turtlebot3_teleop/prefix_override:/usr/lib/python3/dist-packages/colcon_core/task/python/colcon_distutils_commands:/home/james/turtlebot3_ws/install/turtlebot3_teleop/lib/python3.10/site-packages:${PYTHONPATH} /usr/bin/python3 -W ignore:setup.py install is deprecated setup.py develop --editable --build-directory /home/james/turtlebot3_ws/build/turtlebot3_teleop/build --no-deps symlink_data --force
[0.880s] running develop
[0.881s] /usr/lib/python3/dist-packages/setuptools/command/easy_install.py:158: EasyInstallDeprecationWarning: easy_install command is deprecated. Use build and pip and other standards-based tools.
[0.881s]   warnings.warn(
[0.921s] /usr/lib/python3/dist-packages/pkg_resources/__init__.py:116: PkgResourcesDeprecationWarning: 2.22.1ubuntu1 is an invalid version and will not be supported in a future release
[0.922s]   warnings.warn(
[0.922s] /usr/lib/python3/dist-packages/pkg_resources/__init__.py:116: PkgResourcesDeprecationWarning: 11.4.1ubuntu1 is an invalid version and will not be supported in a future release
[0.922s]   warnings.warn(
[0.997s] running egg_info
[0.997s] writing turtlebot3_teleop.egg-info/PKG-INFO
[0.997s] writing dependency_links to turtlebot3_teleop.egg-info/dependency_links.txt
[0.997s] writing entry points to turtlebot3_teleop.egg-info/entry_points.txt
[0.997s] writing requirements to turtlebot3_teleop.egg-info/requires.txt
[0.998s] writing top-level names to turtlebot3_teleop.egg-info/top_level.txt
[0.999s] reading manifest file 'turtlebot3_teleop.egg-info/SOURCES.txt'
[1.000s] writing manifest file 'turtlebot3_teleop.egg-info/SOURCES.txt'
[1.001s] running build_ext
[1.001s] Creating /home/james/turtlebot3_ws/install/turtlebot3_teleop/lib/python3.10/site-packages/turtlebot3-teleop.egg-link (link to .)
[1.002s] Installing teleop_keyboard script to /home/james/turtlebot3_ws/install/turtlebot3_teleop/lib/turtlebot3_teleop
[1.002s] 
[1.002s] Installed /home/james/turtlebot3_ws/build/turtlebot3_teleop
[1.002s] running symlink_data
[1.002s] symbolically linking /home/james/turtlebot3_ws/build/turtlebot3_teleop/resource/turtlebot3_teleop -> /home/james/turtlebot3_ws/install/turtlebot3_teleop/share/ament_index/resource_index/packages
[1.003s] symbolically linking /home/james/turtlebot3_ws/build/turtlebot3_teleop/package.xml -> /home/james/turtlebot3_ws/install/turtlebot3_teleop/share/turtlebot3_teleop
[1.029s] Invoked command in '/home/james/turtlebot3_ws/build/turtlebot3_teleop' returned '0': PYTHONPATH=/home/james/turtlebot3_ws/build/turtlebot3_teleop/prefix_override:/usr/lib/python3/dist-packages/colcon_core/task/python/colcon_distutils_commands:/home/james/turtlebot3_ws/install/turtlebot3_teleop/lib/python3.10/site-packages:${PYTHONPATH} /usr/bin/python3 -W ignore:setup.py install is deprecated setup.py develop --editable --build-directory /home/james/turtlebot3_ws/build/turtlebot3_teleop/build --no-deps symlink_data --force
