running develop
Removing /home/james/turtlebot3_ws/install/custom_launch/lib/python3.10/site-packages/custom-launch.egg-link (link to .)
running egg_info
writing ../../build/custom_launch/custom_launch.egg-info/PKG-INFO
writing dependency_links to ../../build/custom_launch/custom_launch.egg-info/dependency_links.txt
writing entry points to ../../build/custom_launch/custom_launch.egg-info/entry_points.txt
writing requirements to ../../build/custom_launch/custom_launch.egg-info/requires.txt
writing top-level names to ../../build/custom_launch/custom_launch.egg-info/top_level.txt
reading manifest file '../../build/custom_launch/custom_launch.egg-info/SOURCES.txt'
writing manifest file '../../build/custom_launch/custom_launch.egg-info/SOURCES.txt'
running build
running build_py
creating /home/james/turtlebot3_ws/build/custom_launch/build
creating /home/james/turtlebot3_ws/build/custom_launch/build/lib
creating /home/james/turtlebot3_ws/build/custom_launch/build/lib/custom_launch
copying custom_launch/start_navigation_and_waypoints.launch.py -> /home/james/turtlebot3_ws/build/custom_launch/build/lib/custom_launch
copying custom_launch/__init__.py -> /home/james/turtlebot3_ws/build/custom_launch/build/lib/custom_launch
running install
running install_lib
creating /home/james/turtlebot3_ws/install/custom_launch/lib/python3.10/site-packages/custom_launch
copying /home/james/turtlebot3_ws/build/custom_launch/build/lib/custom_launch/start_navigation_and_waypoints.launch.py -> /home/james/turtlebot3_ws/install/custom_launch/lib/python3.10/site-packages/custom_launch
copying /home/james/turtlebot3_ws/build/custom_launch/build/lib/custom_launch/__init__.py -> /home/james/turtlebot3_ws/install/custom_launch/lib/python3.10/site-packages/custom_launch
byte-compiling /home/james/turtlebot3_ws/install/custom_launch/lib/python3.10/site-packages/custom_launch/start_navigation_and_waypoints.launch.py to start_navigation_and_waypoints.launch.cpython-310.pyc
byte-compiling /home/james/turtlebot3_ws/install/custom_launch/lib/python3.10/site-packages/custom_launch/__init__.py to __init__.cpython-310.pyc
running install_data
copying resource/custom_launch -> /home/james/turtlebot3_ws/install/custom_launch/share/ament_index/resource_index/packages
copying package.xml -> /home/james/turtlebot3_ws/install/custom_launch/share/custom_launch
running install_egg_info
Copying ../../build/custom_launch/custom_launch.egg-info to /home/james/turtlebot3_ws/install/custom_launch/lib/python3.10/site-packages/custom_launch-0.0.0-py3.10.egg-info
running install_scripts
writing list of installed files to '/home/james/turtlebot3_ws/build/custom_launch/install.log'
