[0.035s] Invoking command in '/home/james/turtlebot3_ws/build/turtlebot3_gazebo': CMAKE_PREFIX_PATH=${CMAKE_PREFIX_PATH}:/home/james/turtlebot3_ws/install/turtlebot3_teleop:/home/james/turtlebot3_ws/install/turtlebot3_example:/home/james/turtlebot3_ws/install/follow_waypoints:/opt/ros/humble /usr/bin/cmake /home/james/turtlebot3_ws/src/turtlebot3_simulations/turtlebot3_gazebo -DAMENT_CMAKE_SYMLINK_INSTALL=1 -DCMAKE_INSTALL_PREFIX=/home/james/turtlebot3_ws/install/turtlebot3_gazebo
[0.354s] -- Found ament_cmake: 1.3.10 (/opt/ros/humble/share/ament_cmake/cmake)
[0.354s] -- Override CMake install command with custom implementation using symlinks instead of copying resources
[0.354s] -- Found DART: /usr/include (Required is at least version "6.6") found components: dart 
[0.354s] -- Found Protobuf: /usr/lib/x86_64-linux-gnu/libprotobuf.so (found version "3.12.4") 
[0.354s] -- Looking for ignition-math6 -- found version 6.15.1
[0.354s] [33mCMake Warning (dev) at /usr/share/cmake-3.22/Modules/FindPackageHandleStandardArgs.cmake:438 (message):
[0.354s]   The package name passed to `find_package_handle_standard_args` (PkgConfig)
[0.355s]   does not match the name of the calling package (gazebo).  This can lead to
[0.355s]   problems in calling code that expects `find_package` result variables
[0.355s]   (e.g., `_FOUND`) to follow a certain pattern.
[0.355s] Call Stack (most recent call first):
[0.355s]   /usr/share/cmake-3.22/Modules/FindPkgConfig.cmake:99 (find_package_handle_standard_args)
[0.355s]   /usr/lib/x86_64-linux-gnu/cmake/gazebo/gazebo-config.cmake:72 (include)
[0.355s]   CMakeLists.txt:23 (find_package)
[0.355s] This warning is for project developers.  Use -Wno-dev to suppress it.
[0.356s] [0m
[0.356s] -- Searching for dependencies of ignition-math6
[0.357s] -- Looking for OGRE...
[0.360s] -- Found Ogre Ghadamon (1.9.0)
[0.360s] -- Found OGRE: optimized;/usr/lib/x86_64-linux-gnu/libOgreMain.so;debug;/usr/lib/x86_64-linux-gnu/libOgreMain.so
[0.368s] -- Looking for OGRE_Paging...
[0.368s] -- Found OGRE_Paging: optimized;/usr/lib/x86_64-linux-gnu/libOgrePaging.so;debug;/usr/lib/x86_64-linux-gnu/libOgrePaging.so
[0.368s] -- Looking for OGRE_Terrain...
[0.368s] -- Found OGRE_Terrain: optimized;/usr/lib/x86_64-linux-gnu/libOgreTerrain.so;debug;/usr/lib/x86_64-linux-gnu/libOgreTerrain.so
[0.369s] -- Looking for OGRE_Property...
[0.369s] -- Found OGRE_Property: optimized;/usr/lib/x86_64-linux-gnu/libOgreProperty.so;debug;/usr/lib/x86_64-linux-gnu/libOgreProperty.so
[0.369s] -- Looking for OGRE_RTShaderSystem...
[0.369s] -- Found OGRE_RTShaderSystem: optimized;/usr/lib/x86_64-linux-gnu/libOgreRTShaderSystem.so;debug;/usr/lib/x86_64-linux-gnu/libOgreRTShaderSystem.so
[0.369s] -- Looking for OGRE_Volume...
[0.369s] -- Found OGRE_Volume: optimized;/usr/lib/x86_64-linux-gnu/libOgreVolume.so;debug;/usr/lib/x86_64-linux-gnu/libOgreVolume.so
[0.369s] -- Looking for OGRE_Overlay...
[0.369s] -- Found OGRE_Overlay: optimized;/usr/lib/x86_64-linux-gnu/libOgreOverlay.so;debug;/usr/lib/x86_64-linux-gnu/libOgreOverlay.so
[0.502s] -- Looking for ignition-math6 -- found version 6.15.1
[0.502s] -- Looking for ignition-transport8 -- found version 8.2.1
[0.502s] -- Searching for dependencies of ignition-transport8
[0.521s] -- Found Protobuf: /usr/lib/x86_64-linux-gnu/libprotobuf.so (found suitable version "3.12.4", minimum required is "3") 
[0.532s] -- Config-file not installed for ZeroMQ -- checking for pkg-config
[0.537s] -- Checking for module 'libzmq >= 4'
[0.551s] --   Found libzmq , version 4.3.4
[0.600s] -- Checking for module 'uuid'
[0.619s] --   Found uuid, version 2.37.2
[0.665s] -- Looking for ignition-msgs5 -- found version 5.8.1
[0.666s] -- Searching for dependencies of ignition-msgs5
[0.698s] -- Looking for ignition-math6 -- found version 6.15.1
[0.704s] -- Checking for module 'tinyxml2'
[0.724s] --   Found tinyxml2, version 9.0.0
[0.769s] -- Looking for ignition-msgs5 -- found version 5.8.1
[0.770s] -- Looking for ignition-common3 -- found version 3.14.0
[0.770s] -- Searching for dependencies of ignition-common3
[0.771s] -- Looking for dlfcn.h - found
[0.771s] -- Looking for libdl - found
[0.786s] -- Searching for <ignition-common3> component [graphics]
[0.786s] -- Looking for ignition-common3-graphics -- found version 3.14.0
[0.787s] -- Searching for dependencies of ignition-common3-graphics
[0.787s] -- Looking for ignition-math6 -- found version 6.15.1
[0.788s] -- Looking for ignition-fuel_tools4 -- found version 4.4.0
[0.788s] -- Searching for dependencies of ignition-fuel_tools4
[0.841s] -- Checking for module 'jsoncpp'
[0.858s] --   Found jsoncpp, version 1.9.5
[0.905s] -- Checking for module 'libzip'
[0.925s] --   Found libzip, version 1.7.3
[0.961s] -- Looking for ignition-common3 -- found version 3.14.0
[0.961s] -- Looking for ignition-math6 -- found version 6.15.1
[0.962s] -- Looking for ignition-msgs5 -- found version 5.8.1
[0.963s] -- Found gazebo_ros_pkgs: 3.7.0 (/opt/ros/humble/share/gazebo_ros_pkgs/cmake)
[0.963s] -- Found geometry_msgs: 4.2.4 (/opt/ros/humble/share/geometry_msgs/cmake)
[0.980s] -- Found rosidl_generator_c: 3.1.5 (/opt/ros/humble/share/rosidl_generator_c/cmake)
[0.983s] -- Found rosidl_adapter: 3.1.5 (/opt/ros/humble/share/rosidl_adapter/cmake)
[0.989s] -- Found rosidl_generator_cpp: 3.1.5 (/opt/ros/humble/share/rosidl_generator_cpp/cmake)
[1.001s] -- Using all available rosidl_typesupport_c: rosidl_typesupport_fastrtps_c;rosidl_typesupport_introspection_c
[1.015s] -- Using all available rosidl_typesupport_cpp: rosidl_typesupport_fastrtps_cpp;rosidl_typesupport_introspection_cpp
[1.050s] -- Found nav_msgs: 4.2.4 (/opt/ros/humble/share/nav_msgs/cmake)
[1.064s] -- Found rclcpp: 16.0.10 (/opt/ros/humble/share/rclcpp/cmake)
[1.085s] -- Found rmw_implementation_cmake: 6.1.2 (/opt/ros/humble/share/rmw_implementation_cmake/cmake)
[1.087s] -- Found rmw_fastrtps_cpp: 6.2.7 (/opt/ros/humble/share/rmw_fastrtps_cpp/cmake)
[1.194s] -- Using RMW implementation 'rmw_fastrtps_cpp' as default
[1.233s] -- Found sensor_msgs: 4.2.4 (/opt/ros/humble/share/sensor_msgs/cmake)
[1.249s] -- Found tf2: 0.25.8 (/opt/ros/humble/share/tf2/cmake)
[1.330s] -- Configuring done
[1.371s] -- Generating done
[1.373s] -- Build files have been written to: /home/james/turtlebot3_ws/build/turtlebot3_gazebo
[1.384s] Invoked command in '/home/james/turtlebot3_ws/build/turtlebot3_gazebo' returned '0': CMAKE_PREFIX_PATH=${CMAKE_PREFIX_PATH}:/home/james/turtlebot3_ws/install/turtlebot3_teleop:/home/james/turtlebot3_ws/install/turtlebot3_example:/home/james/turtlebot3_ws/install/follow_waypoints:/opt/ros/humble /usr/bin/cmake /home/james/turtlebot3_ws/src/turtlebot3_simulations/turtlebot3_gazebo -DAMENT_CMAKE_SYMLINK_INSTALL=1 -DCMAKE_INSTALL_PREFIX=/home/james/turtlebot3_ws/install/turtlebot3_gazebo
[1.387s] Invoking command in '/home/james/turtlebot3_ws/build/turtlebot3_gazebo': CMAKE_PREFIX_PATH=${CMAKE_PREFIX_PATH}:/home/james/turtlebot3_ws/install/turtlebot3_teleop:/home/james/turtlebot3_ws/install/turtlebot3_example:/home/james/turtlebot3_ws/install/follow_waypoints:/opt/ros/humble /usr/bin/cmake --build /home/james/turtlebot3_ws/build/turtlebot3_gazebo -- -j20 -l20
[1.453s] [35m[1mConsolidate compiler generated dependencies of target turtlebot3_drive[0m
[1.455s] [35m[1mConsolidate compiler generated dependencies of target obstacle2[0m
[1.456s] [35m[1mConsolidate compiler generated dependencies of target obstacle1[0m
[1.456s] [35m[1mConsolidate compiler generated dependencies of target obstacles[0m
[1.485s] [ 25%] Built target turtlebot3_drive
[1.496s] [ 50%] Built target obstacle2
[1.512s] [ 75%] Built target obstacles
[1.515s] [100%] Built target obstacle1
[1.528s] Invoked command in '/home/james/turtlebot3_ws/build/turtlebot3_gazebo' returned '0': CMAKE_PREFIX_PATH=${CMAKE_PREFIX_PATH}:/home/james/turtlebot3_ws/install/turtlebot3_teleop:/home/james/turtlebot3_ws/install/turtlebot3_example:/home/james/turtlebot3_ws/install/follow_waypoints:/opt/ros/humble /usr/bin/cmake --build /home/james/turtlebot3_ws/build/turtlebot3_gazebo -- -j20 -l20
[1.576s] Invoking command in '/home/james/turtlebot3_ws/build/turtlebot3_gazebo': CMAKE_PREFIX_PATH=${CMAKE_PREFIX_PATH}:/home/james/turtlebot3_ws/install/turtlebot3_teleop:/home/james/turtlebot3_ws/install/turtlebot3_example:/home/james/turtlebot3_ws/install/follow_waypoints:/opt/ros/humble /usr/bin/cmake --install /home/james/turtlebot3_ws/build/turtlebot3_gazebo
[1.588s] -- Install configuration: ""
[1.589s] -- Execute custom install script
[1.589s] -- Up-to-date symlink: /home/james/turtlebot3_ws/install/turtlebot3_gazebo/lib/turtlebot3_gazebo/turtlebot3_drive
[1.590s] -- Up-to-date symlink: /home/james/turtlebot3_ws/install/turtlebot3_gazebo/share/turtlebot3_gazebo//launch/empty_world.launch.py
[1.590s] -- Up-to-date symlink: /home/james/turtlebot3_ws/install/turtlebot3_gazebo/share/turtlebot3_gazebo//launch/robot_state_publisher.launch.py
[1.591s] -- Up-to-date symlink: /home/james/turtlebot3_ws/install/turtlebot3_gazebo/share/turtlebot3_gazebo//launch/spawn_turtlebot3.launch.py
[1.591s] -- Up-to-date symlink: /home/james/turtlebot3_ws/install/turtlebot3_gazebo/share/turtlebot3_gazebo//launch/turtlebot3_dqn_stage1.launch.py
[1.591s] -- Up-to-date symlink: /home/james/turtlebot3_ws/install/turtlebot3_gazebo/share/turtlebot3_gazebo//launch/turtlebot3_dqn_stage2.launch.py
[1.592s] -- Up-to-date symlink: /home/james/turtlebot3_ws/install/turtlebot3_gazebo/share/turtlebot3_gazebo//launch/turtlebot3_dqn_stage3.launch.py
[1.592s] -- Up-to-date symlink: /home/james/turtlebot3_ws/install/turtlebot3_gazebo/share/turtlebot3_gazebo//launch/turtlebot3_dqn_stage4.launch.py
[1.592s] -- Up-to-date symlink: /home/james/turtlebot3_ws/install/turtlebot3_gazebo/share/turtlebot3_gazebo//launch/turtlebot3_house.launch.py
[1.592s] -- Up-to-date symlink: /home/james/turtlebot3_ws/install/turtlebot3_gazebo/share/turtlebot3_gazebo//launch/turtlebot3_world.launch.py
[1.593s] -- Up-to-date symlink: /home/james/turtlebot3_ws/install/turtlebot3_gazebo/share/turtlebot3_gazebo//models/turtlebot3_burger/model-1_4.sdf
[1.593s] -- Up-to-date symlink: /home/james/turtlebot3_ws/install/turtlebot3_gazebo/share/turtlebot3_gazebo//models/turtlebot3_burger/model.config
[1.594s] -- Up-to-date symlink: /home/james/turtlebot3_ws/install/turtlebot3_gazebo/share/turtlebot3_gazebo//models/turtlebot3_burger/model.sdf
[1.594s] -- Up-to-date symlink: /home/james/turtlebot3_ws/install/turtlebot3_gazebo/share/turtlebot3_gazebo//models/turtlebot3_common/meshes/burger_base.dae
[1.594s] -- Up-to-date symlink: /home/james/turtlebot3_ws/install/turtlebot3_gazebo/share/turtlebot3_gazebo//models/turtlebot3_common/meshes/lds.dae
[1.594s] -- Up-to-date symlink: /home/james/turtlebot3_ws/install/turtlebot3_gazebo/share/turtlebot3_gazebo//models/turtlebot3_common/meshes/r200.dae
[1.594s] -- Up-to-date symlink: /home/james/turtlebot3_ws/install/turtlebot3_gazebo/share/turtlebot3_gazebo//models/turtlebot3_common/meshes/tire.dae
[1.595s] -- Up-to-date symlink: /home/james/turtlebot3_ws/install/turtlebot3_gazebo/share/turtlebot3_gazebo//models/turtlebot3_common/meshes/waffle_base.dae
[1.595s] -- Up-to-date symlink: /home/james/turtlebot3_ws/install/turtlebot3_gazebo/share/turtlebot3_gazebo//models/turtlebot3_common/meshes/waffle_pi_base.dae
[1.595s] -- Up-to-date symlink: /home/james/turtlebot3_ws/install/turtlebot3_gazebo/share/turtlebot3_gazebo//models/turtlebot3_common/model.config
[1.595s] -- Up-to-date symlink: /home/james/turtlebot3_ws/install/turtlebot3_gazebo/share/turtlebot3_gazebo//models/turtlebot3_dqn_world/goal_box/model.config
[1.595s] -- Up-to-date symlink: /home/james/turtlebot3_ws/install/turtlebot3_gazebo/share/turtlebot3_gazebo//models/turtlebot3_dqn_world/goal_box/model.sdf
[1.595s] -- Up-to-date symlink: /home/james/turtlebot3_ws/install/turtlebot3_gazebo/share/turtlebot3_gazebo//models/turtlebot3_dqn_world/inner_walls/model.config
[1.596s] -- Up-to-date symlink: /home/james/turtlebot3_ws/install/turtlebot3_gazebo/share/turtlebot3_gazebo//models/turtlebot3_dqn_world/inner_walls/model.sdf
[1.596s] -- Up-to-date symlink: /home/james/turtlebot3_ws/install/turtlebot3_gazebo/share/turtlebot3_gazebo//models/turtlebot3_dqn_world/model.config
[1.596s] -- Up-to-date symlink: /home/james/turtlebot3_ws/install/turtlebot3_gazebo/share/turtlebot3_gazebo//models/turtlebot3_dqn_world/model.sdf
[1.596s] -- Up-to-date symlink: /home/james/turtlebot3_ws/install/turtlebot3_gazebo/share/turtlebot3_gazebo//models/turtlebot3_dqn_world/obstacle1/model.config
[1.596s] -- Up-to-date symlink: /home/james/turtlebot3_ws/install/turtlebot3_gazebo/share/turtlebot3_gazebo//models/turtlebot3_dqn_world/obstacle1/model.sdf
[1.597s] -- Up-to-date symlink: /home/james/turtlebot3_ws/install/turtlebot3_gazebo/share/turtlebot3_gazebo//models/turtlebot3_dqn_world/obstacle2/model.config
[1.597s] -- Up-to-date symlink: /home/james/turtlebot3_ws/install/turtlebot3_gazebo/share/turtlebot3_gazebo//models/turtlebot3_dqn_world/obstacle2/model.sdf
[1.597s] -- Up-to-date symlink: /home/james/turtlebot3_ws/install/turtlebot3_gazebo/share/turtlebot3_gazebo//models/turtlebot3_dqn_world/obstacle_plugin/CMakeLists.txt
[1.597s] -- Up-to-date symlink: /home/james/turtlebot3_ws/install/turtlebot3_gazebo/share/turtlebot3_gazebo//models/turtlebot3_dqn_world/obstacle_plugin/obstacle1.cc
[1.597s] -- Up-to-date symlink: /home/james/turtlebot3_ws/install/turtlebot3_gazebo/share/turtlebot3_gazebo//models/turtlebot3_dqn_world/obstacle_plugin/obstacle2.cc
[1.598s] -- Up-to-date symlink: /home/james/turtlebot3_ws/install/turtlebot3_gazebo/share/turtlebot3_gazebo//models/turtlebot3_dqn_world/obstacle_plugin/obstacles.cc
[1.598s] -- Up-to-date symlink: /home/james/turtlebot3_ws/install/turtlebot3_gazebo/share/turtlebot3_gazebo//models/turtlebot3_dqn_world/obstacles/model.config
[1.598s] -- Up-to-date symlink: /home/james/turtlebot3_ws/install/turtlebot3_gazebo/share/turtlebot3_gazebo//models/turtlebot3_dqn_world/obstacles/model.sdf
[1.598s] -- Up-to-date symlink: /home/james/turtlebot3_ws/install/turtlebot3_gazebo/share/turtlebot3_gazebo//models/turtlebot3_house/model.config
[1.598s] -- Up-to-date symlink: /home/james/turtlebot3_ws/install/turtlebot3_gazebo/share/turtlebot3_gazebo//models/turtlebot3_house/model.sdf
[1.599s] -- Up-to-date symlink: /home/james/turtlebot3_ws/install/turtlebot3_gazebo/share/turtlebot3_gazebo//models/turtlebot3_waffle/model-1_4.sdf
[1.599s] -- Up-to-date symlink: /home/james/turtlebot3_ws/install/turtlebot3_gazebo/share/turtlebot3_gazebo//models/turtlebot3_waffle/model.config
[1.599s] -- Up-to-date symlink: /home/james/turtlebot3_ws/install/turtlebot3_gazebo/share/turtlebot3_gazebo//models/turtlebot3_waffle/model.sdf
[1.599s] -- Up-to-date symlink: /home/james/turtlebot3_ws/install/turtlebot3_gazebo/share/turtlebot3_gazebo//models/turtlebot3_waffle_pi/model-1_4_.sdf
[1.600s] -- Up-to-date symlink: /home/james/turtlebot3_ws/install/turtlebot3_gazebo/share/turtlebot3_gazebo//models/turtlebot3_waffle_pi/model.config
[1.600s] -- Up-to-date symlink: /home/james/turtlebot3_ws/install/turtlebot3_gazebo/share/turtlebot3_gazebo//models/turtlebot3_waffle_pi/model.sdf
[1.600s] -- Up-to-date symlink: /home/james/turtlebot3_ws/install/turtlebot3_gazebo/share/turtlebot3_gazebo//models/turtlebot3_world/meshes/hexagon.dae
[1.600s] -- Up-to-date symlink: /home/james/turtlebot3_ws/install/turtlebot3_gazebo/share/turtlebot3_gazebo//models/turtlebot3_world/meshes/wall.dae
[1.601s] -- Up-to-date symlink: /home/james/turtlebot3_ws/install/turtlebot3_gazebo/share/turtlebot3_gazebo//models/turtlebot3_world/model-1_4.sdf
[1.601s] -- Up-to-date symlink: /home/james/turtlebot3_ws/install/turtlebot3_gazebo/share/turtlebot3_gazebo//models/turtlebot3_world/model.config
[1.601s] -- Up-to-date symlink: /home/james/turtlebot3_ws/install/turtlebot3_gazebo/share/turtlebot3_gazebo//models/turtlebot3_world/model.sdf
[1.601s] -- Up-to-date symlink: /home/james/turtlebot3_ws/install/turtlebot3_gazebo/share/turtlebot3_gazebo//rviz/tb3_gazebo.rviz
[1.602s] -- Up-to-date symlink: /home/james/turtlebot3_ws/install/turtlebot3_gazebo/share/turtlebot3_gazebo//urdf/common_properties.urdf
[1.602s] -- Up-to-date symlink: /home/james/turtlebot3_ws/install/turtlebot3_gazebo/share/turtlebot3_gazebo//urdf/turtlebot3_burger.urdf
[1.602s] -- Up-to-date symlink: /home/james/turtlebot3_ws/install/turtlebot3_gazebo/share/turtlebot3_gazebo//urdf/turtlebot3_waffle.urdf
[1.602s] -- Up-to-date symlink: /home/james/turtlebot3_ws/install/turtlebot3_gazebo/share/turtlebot3_gazebo//urdf/turtlebot3_waffle_pi.urdf
[1.602s] -- Up-to-date symlink: /home/james/turtlebot3_ws/install/turtlebot3_gazebo/share/turtlebot3_gazebo//worlds/Space station.world
[1.602s] -- Up-to-date symlink: /home/james/turtlebot3_ws/install/turtlebot3_gazebo/share/turtlebot3_gazebo//worlds/assignment.world
[1.603s] -- Up-to-date symlink: /home/james/turtlebot3_ws/install/turtlebot3_gazebo/share/turtlebot3_gazebo//worlds/empty_world.world
[1.603s] -- Up-to-date symlink: /home/james/turtlebot3_ws/install/turtlebot3_gazebo/share/turtlebot3_gazebo//worlds/turtlebot3_dqn_stage1.world
[1.603s] -- Up-to-date symlink: /home/james/turtlebot3_ws/install/turtlebot3_gazebo/share/turtlebot3_gazebo//worlds/turtlebot3_dqn_stage2.world
[1.603s] -- Up-to-date symlink: /home/james/turtlebot3_ws/install/turtlebot3_gazebo/share/turtlebot3_gazebo//worlds/turtlebot3_dqn_stage3.world
[1.603s] -- Up-to-date symlink: /home/james/turtlebot3_ws/install/turtlebot3_gazebo/share/turtlebot3_gazebo//worlds/turtlebot3_dqn_stage4.world
[1.604s] -- Up-to-date symlink: /home/james/turtlebot3_ws/install/turtlebot3_gazebo/share/turtlebot3_gazebo//worlds/turtlebot3_house.world
[1.604s] -- Up-to-date symlink: /home/james/turtlebot3_ws/install/turtlebot3_gazebo/share/turtlebot3_gazebo//worlds/turtlebot3_world.world
[1.605s] -- Up-to-date symlink: /home/james/turtlebot3_ws/install/turtlebot3_gazebo/include//turtlebot3_gazebo/turtlebot3_drive.hpp
[1.605s] -- Up-to-date symlink: /home/james/turtlebot3_ws/install/turtlebot3_gazebo/share/ament_index/resource_index/package_run_dependencies/turtlebot3_gazebo
[1.605s] -- Up-to-date symlink: /home/james/turtlebot3_ws/install/turtlebot3_gazebo/share/ament_index/resource_index/parent_prefix_path/turtlebot3_gazebo
[1.605s] -- Up-to-date symlink: /home/james/turtlebot3_ws/install/turtlebot3_gazebo/share/turtlebot3_gazebo/environment/ament_prefix_path.sh
[1.606s] -- Up-to-date symlink: /home/james/turtlebot3_ws/install/turtlebot3_gazebo/share/turtlebot3_gazebo/environment/ament_prefix_path.dsv
[1.606s] -- Up-to-date symlink: /home/james/turtlebot3_ws/install/turtlebot3_gazebo/share/turtlebot3_gazebo/environment/path.sh
[1.606s] -- Up-to-date symlink: /home/james/turtlebot3_ws/install/turtlebot3_gazebo/share/turtlebot3_gazebo/environment/path.dsv
[1.606s] -- Up-to-date symlink: /home/james/turtlebot3_ws/install/turtlebot3_gazebo/share/turtlebot3_gazebo/local_setup.bash
[1.607s] -- Up-to-date symlink: /home/james/turtlebot3_ws/install/turtlebot3_gazebo/share/turtlebot3_gazebo/local_setup.sh
[1.607s] -- Up-to-date symlink: /home/james/turtlebot3_ws/install/turtlebot3_gazebo/share/turtlebot3_gazebo/local_setup.zsh
[1.607s] -- Up-to-date symlink: /home/james/turtlebot3_ws/install/turtlebot3_gazebo/share/turtlebot3_gazebo/local_setup.dsv
[1.607s] -- Symlinking: /home/james/turtlebot3_ws/install/turtlebot3_gazebo/share/turtlebot3_gazebo/package.dsv
[1.618s] -- Up-to-date symlink: /home/james/turtlebot3_ws/install/turtlebot3_gazebo/share/ament_index/resource_index/packages/turtlebot3_gazebo
[1.618s] -- Up-to-date symlink: /home/james/turtlebot3_ws/install/turtlebot3_gazebo/share/turtlebot3_gazebo/cmake/ament_cmake_export_include_directories-extras.cmake
[1.618s] -- Up-to-date symlink: /home/james/turtlebot3_ws/install/turtlebot3_gazebo/share/turtlebot3_gazebo/cmake/ament_cmake_export_dependencies-extras.cmake
[1.619s] -- Up-to-date symlink: /home/james/turtlebot3_ws/install/turtlebot3_gazebo/share/turtlebot3_gazebo/cmake/turtlebot3_gazeboConfig.cmake
[1.619s] -- Up-to-date symlink: /home/james/turtlebot3_ws/install/turtlebot3_gazebo/share/turtlebot3_gazebo/cmake/turtlebot3_gazeboConfig-version.cmake
[1.620s] -- Up-to-date symlink: /home/james/turtlebot3_ws/install/turtlebot3_gazebo/share/turtlebot3_gazebo/package.xml
[1.622s] Invoked command in '/home/james/turtlebot3_ws/build/turtlebot3_gazebo' returned '0': CMAKE_PREFIX_PATH=${CMAKE_PREFIX_PATH}:/home/james/turtlebot3_ws/install/turtlebot3_teleop:/home/james/turtlebot3_ws/install/turtlebot3_example:/home/james/turtlebot3_ws/install/follow_waypoints:/opt/ros/humble /usr/bin/cmake --install /home/james/turtlebot3_ws/build/turtlebot3_gazebo
