/home/james/.local/lib/python3.10/site-packages/setuptools/_distutils/dist.py:261: UserWarning: Unknown distribution option: 'tests_require'
  warnings.warn(msg)
running develop
/home/james/.local/lib/python3.10/site-packages/setuptools/command/develop.py:41: EasyInstallDeprecationWarning: easy_install command is deprecated.
!!

        ********************************************************************************
        Please avoid running ``setup.py`` and ``easy_install``.
        Instead, use pypa/build, pypa/installer or other
        standards-based tools.

        See https://github.com/pypa/setuptools/issues/917 for details.
        ********************************************************************************

!!
  easy_install.initialize_options(self)
running egg_info
writing follow_waypoints.egg-info/PKG-INFO
writing dependency_links to follow_waypoints.egg-info/dependency_links.txt
writing entry points to follow_waypoints.egg-info/entry_points.txt
writing requirements to follow_waypoints.egg-info/requires.txt
writing top-level names to follow_waypoints.egg-info/top_level.txt
reading manifest file 'follow_waypoints.egg-info/SOURCES.txt'
writing manifest file 'follow_waypoints.egg-info/SOURCES.txt'
running build_ext
Creating /home/james/turtlebot3_ws/install/follow_waypoints/lib/python3.10/site-packages/follow-waypoints.egg-link (link to .)
Installing follow_waypoints_exe script to /home/james/turtlebot3_ws/install/follow_waypoints/lib/follow_waypoints

Installed /home/james/turtlebot3_ws/build/follow_waypoints
running symlink_data
