[0.030s] Invoking command in '/home/james/turtlebot3_ws/build/turtlebot3_cartographer': CMAKE_PREFIX_PATH=${CMAKE_PREFIX_PATH}:/home/james/turtlebot3_ws/install/turtlebot3_teleop:/home/james/turtlebot3_ws/install/turtlebot3_example:/home/james/turtlebot3_ws/install/follow_waypoints:/home/james/turtlebot3_ws/install/custom_launch:/opt/ros/humble /usr/bin/cmake --build /home/james/turtlebot3_ws/build/turtlebot3_cartographer -- -j20 -l20
[0.430s] Invoked command in '/home/james/turtlebot3_ws/build/turtlebot3_cartographer' returned '0': CMAKE_PREFIX_PATH=${CMAKE_PREFIX_PATH}:/home/james/turtlebot3_ws/install/turtlebot3_teleop:/home/james/turtlebot3_ws/install/turtlebot3_example:/home/james/turtlebot3_ws/install/follow_waypoints:/home/james/turtlebot3_ws/install/custom_launch:/opt/ros/humble /usr/bin/cmake --build /home/james/turtlebot3_ws/build/turtlebot3_cartographer -- -j20 -l20
[0.460s] Invoking command in '/home/james/turtlebot3_ws/build/turtlebot3_cartographer': CMAKE_PREFIX_PATH=${CMAKE_PREFIX_PATH}:/home/james/turtlebot3_ws/install/turtlebot3_teleop:/home/james/turtlebot3_ws/install/turtlebot3_example:/home/james/turtlebot3_ws/install/follow_waypoints:/home/james/turtlebot3_ws/install/custom_launch:/opt/ros/humble /usr/bin/cmake --install /home/james/turtlebot3_ws/build/turtlebot3_cartographer
[0.473s] -- Install configuration: ""
[0.476s] -- Execute custom install script
[0.476s] -- Up-to-date symlink: /home/james/turtlebot3_ws/install/turtlebot3_cartographer/share/turtlebot3_cartographer/config/turtlebot3_lds_2d.lua
[0.476s] -- Up-to-date symlink: /home/james/turtlebot3_ws/install/turtlebot3_cartographer/share/turtlebot3_cartographer/launch/cartographer.launch.py
[0.477s] -- Up-to-date symlink: /home/james/turtlebot3_ws/install/turtlebot3_cartographer/share/turtlebot3_cartographer/launch/occupancy_grid.launch.py
[0.477s] -- Up-to-date symlink: /home/james/turtlebot3_ws/install/turtlebot3_cartographer/share/turtlebot3_cartographer/rviz/tb3_cartographer.rviz
[0.477s] -- Up-to-date symlink: /home/james/turtlebot3_ws/install/turtlebot3_cartographer/share/ament_index/resource_index/package_run_dependencies/turtlebot3_cartographer
[0.477s] -- Up-to-date symlink: /home/james/turtlebot3_ws/install/turtlebot3_cartographer/share/ament_index/resource_index/parent_prefix_path/turtlebot3_cartographer
[0.477s] -- Up-to-date symlink: /home/james/turtlebot3_ws/install/turtlebot3_cartographer/share/turtlebot3_cartographer/environment/ament_prefix_path.sh
[0.477s] -- Up-to-date symlink: /home/james/turtlebot3_ws/install/turtlebot3_cartographer/share/turtlebot3_cartographer/environment/ament_prefix_path.dsv
[0.478s] -- Up-to-date symlink: /home/james/turtlebot3_ws/install/turtlebot3_cartographer/share/turtlebot3_cartographer/environment/path.sh
[0.478s] -- Up-to-date symlink: /home/james/turtlebot3_ws/install/turtlebot3_cartographer/share/turtlebot3_cartographer/environment/path.dsv
[0.478s] -- Up-to-date symlink: /home/james/turtlebot3_ws/install/turtlebot3_cartographer/share/turtlebot3_cartographer/local_setup.bash
[0.478s] -- Up-to-date symlink: /home/james/turtlebot3_ws/install/turtlebot3_cartographer/share/turtlebot3_cartographer/local_setup.sh
[0.478s] -- Up-to-date symlink: /home/james/turtlebot3_ws/install/turtlebot3_cartographer/share/turtlebot3_cartographer/local_setup.zsh
[0.483s] -- Up-to-date symlink: /home/james/turtlebot3_ws/install/turtlebot3_cartographer/share/turtlebot3_cartographer/local_setup.dsv
[0.483s] -- Symlinking: /home/james/turtlebot3_ws/install/turtlebot3_cartographer/share/turtlebot3_cartographer/package.dsv
[0.488s] -- Up-to-date symlink: /home/james/turtlebot3_ws/install/turtlebot3_cartographer/share/ament_index/resource_index/packages/turtlebot3_cartographer
[0.488s] -- Up-to-date symlink: /home/james/turtlebot3_ws/install/turtlebot3_cartographer/share/turtlebot3_cartographer/cmake/turtlebot3_cartographerConfig.cmake
[0.488s] -- Up-to-date symlink: /home/james/turtlebot3_ws/install/turtlebot3_cartographer/share/turtlebot3_cartographer/cmake/turtlebot3_cartographerConfig-version.cmake
[0.488s] -- Up-to-date symlink: /home/james/turtlebot3_ws/install/turtlebot3_cartographer/share/turtlebot3_cartographer/package.xml
[0.507s] Invoked command in '/home/james/turtlebot3_ws/build/turtlebot3_cartographer' returned '0': CMAKE_PREFIX_PATH=${CMAKE_PREFIX_PATH}:/home/james/turtlebot3_ws/install/turtlebot3_teleop:/home/james/turtlebot3_ws/install/turtlebot3_example:/home/james/turtlebot3_ws/install/follow_waypoints:/home/james/turtlebot3_ws/install/custom_launch:/opt/ros/humble /usr/bin/cmake --install /home/james/turtlebot3_ws/build/turtlebot3_cartographer
