[0.036s] Invoking command in '/home/james/turtlebot3_ws/build/dynamixel_sdk': CMAKE_PREFIX_PATH=${CMAKE_PREFIX_PATH}:/home/james/turtlebot3_ws/install/turtlebot3_teleop:/home/james/turtlebot3_ws/install/turtlebot3_example:/home/james/turtlebot3_ws/install/follow_waypoints:/opt/ros/humble /usr/bin/cmake --build /home/james/turtlebot3_ws/build/dynamixel_sdk -- -j20 -l20
[0.422s] [ 10%] [32mBuilding CXX object CMakeFiles/dynamixel_sdk.dir/src/dynamixel_sdk/protocol2_packet_handler.cpp.o[0m
[0.422s] [ 20%] [32mBuilding CXX object CMakeFiles/dynamixel_sdk.dir/src/dynamixel_sdk/port_handler_linux.cpp.o[0m
[0.710s] [ 30%] [32m[1mLinking CXX shared library libdynamixel_sdk.so[0m
[1.023s] [100%] Built target dynamixel_sdk
[1.076s] Invoked command in '/home/james/turtlebot3_ws/build/dynamixel_sdk' returned '0': CMAKE_PREFIX_PATH=${CMAKE_PREFIX_PATH}:/home/james/turtlebot3_ws/install/turtlebot3_teleop:/home/james/turtlebot3_ws/install/turtlebot3_example:/home/james/turtlebot3_ws/install/follow_waypoints:/opt/ros/humble /usr/bin/cmake --build /home/james/turtlebot3_ws/build/dynamixel_sdk -- -j20 -l20
[1.130s] Invoking command in '/home/james/turtlebot3_ws/build/dynamixel_sdk': CMAKE_PREFIX_PATH=${CMAKE_PREFIX_PATH}:/home/james/turtlebot3_ws/install/turtlebot3_teleop:/home/james/turtlebot3_ws/install/turtlebot3_example:/home/james/turtlebot3_ws/install/follow_waypoints:/opt/ros/humble /usr/bin/cmake --install /home/james/turtlebot3_ws/build/dynamixel_sdk
[1.138s] -- Install configuration: ""
[1.138s] -- Execute custom install script
[1.139s] -- Up-to-date symlink: /home/james/turtlebot3_ws/install/dynamixel_sdk/include//dynamixel_sdk/dynamixel_sdk.h
[1.139s] -- Up-to-date symlink: /home/james/turtlebot3_ws/install/dynamixel_sdk/include//dynamixel_sdk/group_bulk_read.h
[1.139s] -- Up-to-date symlink: /home/james/turtlebot3_ws/install/dynamixel_sdk/include//dynamixel_sdk/group_bulk_write.h
[1.139s] -- Up-to-date symlink: /home/james/turtlebot3_ws/install/dynamixel_sdk/include//dynamixel_sdk/group_sync_read.h
[1.140s] -- Up-to-date symlink: /home/james/turtlebot3_ws/install/dynamixel_sdk/include//dynamixel_sdk/group_sync_write.h
[1.140s] -- Up-to-date symlink: /home/james/turtlebot3_ws/install/dynamixel_sdk/include//dynamixel_sdk/packet_handler.h
[1.140s] -- Up-to-date symlink: /home/james/turtlebot3_ws/install/dynamixel_sdk/include//dynamixel_sdk/port_handler.h
[1.140s] -- Up-to-date symlink: /home/james/turtlebot3_ws/install/dynamixel_sdk/include//dynamixel_sdk/port_handler_arduino.h
[1.140s] -- Up-to-date symlink: /home/james/turtlebot3_ws/install/dynamixel_sdk/include//dynamixel_sdk/port_handler_linux.h
[1.140s] -- Up-to-date symlink: /home/james/turtlebot3_ws/install/dynamixel_sdk/include//dynamixel_sdk/port_handler_mac.h
[1.140s] -- Up-to-date symlink: /home/james/turtlebot3_ws/install/dynamixel_sdk/include//dynamixel_sdk/port_handler_windows.h
[1.140s] -- Up-to-date symlink: /home/james/turtlebot3_ws/install/dynamixel_sdk/include//dynamixel_sdk/protocol1_packet_handler.h
[1.140s] -- Up-to-date symlink: /home/james/turtlebot3_ws/install/dynamixel_sdk/include//dynamixel_sdk/protocol2_packet_handler.h
[1.141s] -- Up-to-date symlink: /home/james/turtlebot3_ws/install/dynamixel_sdk/lib/libdynamixel_sdk.so
[1.141s] -- Up-to-date symlink: /home/james/turtlebot3_ws/install/dynamixel_sdk/share/dynamixel_sdk/environment/library_path.sh
[1.141s] -- Up-to-date symlink: /home/james/turtlebot3_ws/install/dynamixel_sdk/share/dynamixel_sdk/environment/library_path.dsv
[1.141s] -- Up-to-date symlink: /home/james/turtlebot3_ws/install/dynamixel_sdk/share/ament_index/resource_index/package_run_dependencies/dynamixel_sdk
[1.141s] -- Up-to-date symlink: /home/james/turtlebot3_ws/install/dynamixel_sdk/share/ament_index/resource_index/parent_prefix_path/dynamixel_sdk
[1.142s] -- Up-to-date symlink: /home/james/turtlebot3_ws/install/dynamixel_sdk/share/dynamixel_sdk/environment/ament_prefix_path.sh
[1.142s] -- Up-to-date symlink: /home/james/turtlebot3_ws/install/dynamixel_sdk/share/dynamixel_sdk/environment/ament_prefix_path.dsv
[1.143s] -- Up-to-date symlink: /home/james/turtlebot3_ws/install/dynamixel_sdk/share/dynamixel_sdk/environment/path.sh
[1.143s] -- Up-to-date symlink: /home/james/turtlebot3_ws/install/dynamixel_sdk/share/dynamixel_sdk/environment/path.dsv
[1.143s] -- Up-to-date symlink: /home/james/turtlebot3_ws/install/dynamixel_sdk/share/dynamixel_sdk/local_setup.bash
[1.143s] -- Up-to-date symlink: /home/james/turtlebot3_ws/install/dynamixel_sdk/share/dynamixel_sdk/local_setup.sh
[1.144s] -- Up-to-date symlink: /home/james/turtlebot3_ws/install/dynamixel_sdk/share/dynamixel_sdk/local_setup.zsh
[1.144s] -- Up-to-date symlink: /home/james/turtlebot3_ws/install/dynamixel_sdk/share/dynamixel_sdk/local_setup.dsv
[1.144s] -- Symlinking: /home/james/turtlebot3_ws/install/dynamixel_sdk/share/dynamixel_sdk/package.dsv
[1.155s] -- Up-to-date symlink: /home/james/turtlebot3_ws/install/dynamixel_sdk/share/ament_index/resource_index/packages/dynamixel_sdk
[1.156s] -- Up-to-date symlink: /home/james/turtlebot3_ws/install/dynamixel_sdk/share/dynamixel_sdk/cmake/ament_cmake_export_include_directories-extras.cmake
[1.156s] -- Up-to-date symlink: /home/james/turtlebot3_ws/install/dynamixel_sdk/share/dynamixel_sdk/cmake/ament_cmake_export_libraries-extras.cmake
[1.156s] -- Up-to-date symlink: /home/james/turtlebot3_ws/install/dynamixel_sdk/share/dynamixel_sdk/cmake/dynamixel_sdkConfig.cmake
[1.156s] -- Up-to-date symlink: /home/james/turtlebot3_ws/install/dynamixel_sdk/share/dynamixel_sdk/cmake/dynamixel_sdkConfig-version.cmake
[1.156s] -- Up-to-date symlink: /home/james/turtlebot3_ws/install/dynamixel_sdk/share/dynamixel_sdk/package.xml
[1.162s] Invoked command in '/home/james/turtlebot3_ws/build/dynamixel_sdk' returned '0': CMAKE_PREFIX_PATH=${CMAKE_PREFIX_PATH}:/home/james/turtlebot3_ws/install/turtlebot3_teleop:/home/james/turtlebot3_ws/install/turtlebot3_example:/home/james/turtlebot3_ws/install/follow_waypoints:/opt/ros/humble /usr/bin/cmake --install /home/james/turtlebot3_ws/build/dynamixel_sdk
