[0.027s] Invoking command in '/home/james/turtlebot3_ws/build/turtlebot3_navigation2': CMAKE_PREFIX_PATH=${CMAKE_PREFIX_PATH}:/home/james/turtlebot3_ws/install/turtlebot3_teleop:/home/james/turtlebot3_ws/install/turtlebot3_example:/home/james/turtlebot3_ws/install/follow_waypoints:/home/james/turtlebot3_ws/install/custom_launch:/opt/ros/humble /usr/bin/cmake --build /home/james/turtlebot3_ws/build/turtlebot3_navigation2 -- -j20 -l20
[0.412s] Invoked command in '/home/james/turtlebot3_ws/build/turtlebot3_navigation2' returned '0': CMAKE_PREFIX_PATH=${CMAKE_PREFIX_PATH}:/home/james/turtlebot3_ws/install/turtlebot3_teleop:/home/james/turtlebot3_ws/install/turtlebot3_example:/home/james/turtlebot3_ws/install/follow_waypoints:/home/james/turtlebot3_ws/install/custom_launch:/opt/ros/humble /usr/bin/cmake --build /home/james/turtlebot3_ws/build/turtlebot3_navigation2 -- -j20 -l20
[0.436s] Invoking command in '/home/james/turtlebot3_ws/build/turtlebot3_navigation2': CMAKE_PREFIX_PATH=${CMAKE_PREFIX_PATH}:/home/james/turtlebot3_ws/install/turtlebot3_teleop:/home/james/turtlebot3_ws/install/turtlebot3_example:/home/james/turtlebot3_ws/install/follow_waypoints:/home/james/turtlebot3_ws/install/custom_launch:/opt/ros/humble /usr/bin/cmake --install /home/james/turtlebot3_ws/build/turtlebot3_navigation2
[0.447s] -- Install configuration: ""
[0.450s] -- Execute custom install script
[0.452s] -- Up-to-date symlink: /home/james/turtlebot3_ws/install/turtlebot3_navigation2/share/turtlebot3_navigation2/launch/navigation2.launch.py
[0.454s] -- Up-to-date symlink: /home/james/turtlebot3_ws/install/turtlebot3_navigation2/share/turtlebot3_navigation2/map/map.pgm
[0.455s] -- Up-to-date symlink: /home/james/turtlebot3_ws/install/turtlebot3_navigation2/share/turtlebot3_navigation2/map/map.yaml
[0.455s] -- Up-to-date symlink: /home/james/turtlebot3_ws/install/turtlebot3_navigation2/share/turtlebot3_navigation2/param/burger.yaml
[0.456s] -- Up-to-date symlink: /home/james/turtlebot3_ws/install/turtlebot3_navigation2/share/turtlebot3_navigation2/param/waffle.yaml
[0.456s] -- Up-to-date symlink: /home/james/turtlebot3_ws/install/turtlebot3_navigation2/share/turtlebot3_navigation2/param/waffle_pi.yaml
[0.456s] -- Up-to-date symlink: /home/james/turtlebot3_ws/install/turtlebot3_navigation2/share/turtlebot3_navigation2/rviz/tb3_navigation2.rviz
[0.456s] -- Up-to-date symlink: /home/james/turtlebot3_ws/install/turtlebot3_navigation2/share/ament_index/resource_index/package_run_dependencies/turtlebot3_navigation2
[0.456s] -- Up-to-date symlink: /home/james/turtlebot3_ws/install/turtlebot3_navigation2/share/ament_index/resource_index/parent_prefix_path/turtlebot3_navigation2
[0.457s] -- Up-to-date symlink: /home/james/turtlebot3_ws/install/turtlebot3_navigation2/share/turtlebot3_navigation2/environment/ament_prefix_path.sh
[0.457s] -- Up-to-date symlink: /home/james/turtlebot3_ws/install/turtlebot3_navigation2/share/turtlebot3_navigation2/environment/ament_prefix_path.dsv
[0.457s] -- Up-to-date symlink: /home/james/turtlebot3_ws/install/turtlebot3_navigation2/share/turtlebot3_navigation2/environment/path.sh
[0.457s] -- Up-to-date symlink: /home/james/turtlebot3_ws/install/turtlebot3_navigation2/share/turtlebot3_navigation2/environment/path.dsv
[0.457s] -- Up-to-date symlink: /home/james/turtlebot3_ws/install/turtlebot3_navigation2/share/turtlebot3_navigation2/local_setup.bash
[0.458s] -- Up-to-date symlink: /home/james/turtlebot3_ws/install/turtlebot3_navigation2/share/turtlebot3_navigation2/local_setup.sh
[0.459s] -- Up-to-date symlink: /home/james/turtlebot3_ws/install/turtlebot3_navigation2/share/turtlebot3_navigation2/local_setup.zsh
[0.459s] -- Up-to-date symlink: /home/james/turtlebot3_ws/install/turtlebot3_navigation2/share/turtlebot3_navigation2/local_setup.dsv
[0.460s] -- Symlinking: /home/james/turtlebot3_ws/install/turtlebot3_navigation2/share/turtlebot3_navigation2/package.dsv
[0.472s] -- Up-to-date symlink: /home/james/turtlebot3_ws/install/turtlebot3_navigation2/share/ament_index/resource_index/packages/turtlebot3_navigation2
[0.472s] -- Up-to-date symlink: /home/james/turtlebot3_ws/install/turtlebot3_navigation2/share/turtlebot3_navigation2/cmake/turtlebot3_navigation2Config.cmake
[0.472s] -- Up-to-date symlink: /home/james/turtlebot3_ws/install/turtlebot3_navigation2/share/turtlebot3_navigation2/cmake/turtlebot3_navigation2Config-version.cmake
[0.472s] -- Up-to-date symlink: /home/james/turtlebot3_ws/install/turtlebot3_navigation2/share/turtlebot3_navigation2/package.xml
[0.483s] Invoked command in '/home/james/turtlebot3_ws/build/turtlebot3_navigation2' returned '0': CMAKE_PREFIX_PATH=${CMAKE_PREFIX_PATH}:/home/james/turtlebot3_ws/install/turtlebot3_teleop:/home/james/turtlebot3_ws/install/turtlebot3_example:/home/james/turtlebot3_ws/install/follow_waypoints:/home/james/turtlebot3_ws/install/custom_launch:/opt/ros/humble /usr/bin/cmake --install /home/james/turtlebot3_ws/build/turtlebot3_navigation2
