[0.398s] Invoking command in '/home/james/turtlebot3_ws/build/turtlebot3_example': CMAKE_PREFIX_PATH=/home/james/turtlebot3_ws/install/turtlebot3_msgs:/home/james/turtlebot3_ws/install/turtlebot3:/home/james/turtlebot3_ws/install/turtlebot3_simulations:/home/james/turtlebot3_ws/install/turtlebot3_bringup:/home/james/turtlebot3_ws/install/turtlebot3_node:/home/james/turtlebot3_ws/install/turtlebot3_navigation2:/home/james/turtlebot3_ws/install/turtlebot3_fake_node:/home/james/turtlebot3_ws/install/turtlebot3_gazebo:/home/james/turtlebot3_ws/install/turtlebot3_description:/home/james/turtlebot3_ws/install/turtlebot3_cartographer:/home/james/turtlebot3_ws/install/dynamixel_sdk_examples:/home/james/turtlebot3_ws/install/dynamixel_sdk_custom_interfaces:/home/james/turtlebot3_ws/install/dynamixel_sdk PYTHONPATH=/home/james/turtlebot3_ws/build/turtlebot3_example/prefix_override:/usr/lib/python3/dist-packages/colcon_core/task/python/colcon_distutils_commands:/home/james/turtlebot3_ws/install/turtlebot3_example/lib/python3.10/site-packages:${PYTHONPATH} /usr/bin/python3 -W ignore:setup.py install is deprecated setup.py develop --editable --build-directory /home/james/turtlebot3_ws/build/turtlebot3_example/build --no-deps symlink_data
[0.555s] running develop
[0.555s] /usr/lib/python3/dist-packages/setuptools/command/easy_install.py:158: EasyInstallDeprecationWarning: easy_install command is deprecated. Use build and pip and other standards-based tools.
[0.555s]   warnings.warn(
[0.646s] running egg_info
[0.646s] writing turtlebot3_example.egg-info/PKG-INFO
[0.646s] writing dependency_links to turtlebot3_example.egg-info/dependency_links.txt
[0.646s] writing entry points to turtlebot3_example.egg-info/entry_points.txt
[0.646s] writing requirements to turtlebot3_example.egg-info/requires.txt
[0.646s] writing top-level names to turtlebot3_example.egg-info/top_level.txt
[0.647s] reading manifest file 'turtlebot3_example.egg-info/SOURCES.txt'
[0.648s] writing manifest file 'turtlebot3_example.egg-info/SOURCES.txt'
[0.649s] running build_ext
[0.649s] Creating /home/james/turtlebot3_ws/install/turtlebot3_example/lib/python3.10/site-packages/turtlebot3-example.egg-link (link to .)
[0.649s] Installing turtlebot3_obstacle_detection script to /home/james/turtlebot3_ws/install/turtlebot3_example/lib/turtlebot3_example
[0.649s] Installing turtlebot3_patrol_client script to /home/james/turtlebot3_ws/install/turtlebot3_example/lib/turtlebot3_example
[0.649s] Installing turtlebot3_patrol_server script to /home/james/turtlebot3_ws/install/turtlebot3_example/lib/turtlebot3_example
[0.649s] Installing turtlebot3_position_control script to /home/james/turtlebot3_ws/install/turtlebot3_example/lib/turtlebot3_example
[0.649s] 
[0.650s] Installed /home/james/turtlebot3_ws/build/turtlebot3_example
[0.650s] running symlink_data
[0.666s] Invoked command in '/home/james/turtlebot3_ws/build/turtlebot3_example' returned '0': CMAKE_PREFIX_PATH=/home/james/turtlebot3_ws/install/turtlebot3_msgs:/home/james/turtlebot3_ws/install/turtlebot3:/home/james/turtlebot3_ws/install/turtlebot3_simulations:/home/james/turtlebot3_ws/install/turtlebot3_bringup:/home/james/turtlebot3_ws/install/turtlebot3_node:/home/james/turtlebot3_ws/install/turtlebot3_navigation2:/home/james/turtlebot3_ws/install/turtlebot3_fake_node:/home/james/turtlebot3_ws/install/turtlebot3_gazebo:/home/james/turtlebot3_ws/install/turtlebot3_description:/home/james/turtlebot3_ws/install/turtlebot3_cartographer:/home/james/turtlebot3_ws/install/dynamixel_sdk_examples:/home/james/turtlebot3_ws/install/dynamixel_sdk_custom_interfaces:/home/james/turtlebot3_ws/install/dynamixel_sdk PYTHONPATH=/home/james/turtlebot3_ws/build/turtlebot3_example/prefix_override:/usr/lib/python3/dist-packages/colcon_core/task/python/colcon_distutils_commands:/home/james/turtlebot3_ws/install/turtlebot3_example/lib/python3.10/site-packages:${PYTHONPATH} /usr/bin/python3 -W ignore:setup.py install is deprecated setup.py develop --editable --build-directory /home/james/turtlebot3_ws/build/turtlebot3_example/build --no-deps symlink_data
