[0.721s] Invoking command in '/home/james/turtlebot3_ws/src/follow_waypoints': PYTHONPATH=/home/james/turtlebot3_ws/build/follow_waypoints/prefix_override:/usr/lib/python3/dist-packages/colcon_core/task/python/colcon_distutils_commands:/home/james/turtlebot3_ws/install/follow_waypoints/lib/python3.10/site-packages:${PYTHONPATH} /usr/bin/python3 -W ignore:setup.py install is deprecated setup.py egg_info --egg-base ../../build/follow_waypoints build --build-base /home/james/turtlebot3_ws/build/follow_waypoints/build install --record /home/james/turtlebot3_ws/build/follow_waypoints/install.log --single-version-externally-managed install_data
[0.898s] running egg_info
[0.898s] writing ../../build/follow_waypoints/follow_waypoints.egg-info/PKG-INFO
[0.899s] writing dependency_links to ../../build/follow_waypoints/follow_waypoints.egg-info/dependency_links.txt
[0.899s] writing entry points to ../../build/follow_waypoints/follow_waypoints.egg-info/entry_points.txt
[0.899s] writing requirements to ../../build/follow_waypoints/follow_waypoints.egg-info/requires.txt
[0.899s] writing top-level names to ../../build/follow_waypoints/follow_waypoints.egg-info/top_level.txt
[0.900s] reading manifest file '../../build/follow_waypoints/follow_waypoints.egg-info/SOURCES.txt'
[0.900s] writing manifest file '../../build/follow_waypoints/follow_waypoints.egg-info/SOURCES.txt'
[0.901s] running build
[0.901s] running build_py
[0.901s] running install
[0.901s] running install_lib
[0.902s] running install_data
[0.902s] running install_egg_info
[0.903s] removing '/home/james/turtlebot3_ws/install/follow_waypoints/lib/python3.10/site-packages/follow_waypoints-0.0.0-py3.10.egg-info' (and everything under it)
[0.904s] Copying ../../build/follow_waypoints/follow_waypoints.egg-info to /home/james/turtlebot3_ws/install/follow_waypoints/lib/python3.10/site-packages/follow_waypoints-0.0.0-py3.10.egg-info
[0.904s] running install_scripts
[0.919s] Installing follow_waypoints_exe script to /home/james/turtlebot3_ws/install/follow_waypoints/lib/follow_waypoints
[0.919s] writing list of installed files to '/home/james/turtlebot3_ws/build/follow_waypoints/install.log'
[1.046s] Invoked command in '/home/james/turtlebot3_ws/src/follow_waypoints' returned '0': PYTHONPATH=/home/james/turtlebot3_ws/build/follow_waypoints/prefix_override:/usr/lib/python3/dist-packages/colcon_core/task/python/colcon_distutils_commands:/home/james/turtlebot3_ws/install/follow_waypoints/lib/python3.10/site-packages:${PYTHONPATH} /usr/bin/python3 -W ignore:setup.py install is deprecated setup.py egg_info --egg-base ../../build/follow_waypoints build --build-base /home/james/turtlebot3_ws/build/follow_waypoints/build install --record /home/james/turtlebot3_ws/build/follow_waypoints/install.log --single-version-externally-managed install_data
