[0.487s] Invoking command in '/home/james/turtlebot3_ws/build/turtlebot3_teleop': PYTHONPATH=/home/james/turtlebot3_ws/build/turtlebot3_teleop/prefix_override:/usr/lib/python3/dist-packages/colcon_core/task/python/colcon_distutils_commands:/home/james/turtlebot3_ws/install/turtlebot3_teleop/lib/python3.10/site-packages:${PYTHONPATH} /usr/bin/python3 -W ignore:setup.py install is deprecated setup.py develop --editable --build-directory /home/james/turtlebot3_ws/build/turtlebot3_teleop/build --no-deps symlink_data
[0.674s] running develop
[0.674s] /usr/lib/python3/dist-packages/setuptools/command/easy_install.py:158: EasyInstallDeprecationWarning: easy_install command is deprecated. Use build and pip and other standards-based tools.
[0.674s]   warnings.warn(
[0.798s] running egg_info
[0.798s] creating turtlebot3_teleop.egg-info
[0.798s] writing turtlebot3_teleop.egg-info/PKG-INFO
[0.798s] writing dependency_links to turtlebot3_teleop.egg-info/dependency_links.txt
[0.798s] writing entry points to turtlebot3_teleop.egg-info/entry_points.txt
[0.798s] writing requirements to turtlebot3_teleop.egg-info/requires.txt
[0.799s] writing top-level names to turtlebot3_teleop.egg-info/top_level.txt
[0.799s] writing manifest file 'turtlebot3_teleop.egg-info/SOURCES.txt'
[0.800s] reading manifest file 'turtlebot3_teleop.egg-info/SOURCES.txt'
[0.800s] writing manifest file 'turtlebot3_teleop.egg-info/SOURCES.txt'
[0.801s] running build_ext
[0.801s] Creating /home/james/turtlebot3_ws/install/turtlebot3_teleop/lib/python3.10/site-packages/turtlebot3-teleop.egg-link (link to .)
[0.802s] Installing teleop_keyboard script to /home/james/turtlebot3_ws/install/turtlebot3_teleop/lib/turtlebot3_teleop
[0.802s] 
[0.802s] Installed /home/james/turtlebot3_ws/build/turtlebot3_teleop
[0.802s] running symlink_data
[0.803s] creating /home/james/turtlebot3_ws/install/turtlebot3_teleop/share/ament_index
[0.803s] creating /home/james/turtlebot3_ws/install/turtlebot3_teleop/share/ament_index/resource_index
[0.803s] creating /home/james/turtlebot3_ws/install/turtlebot3_teleop/share/ament_index/resource_index/packages
[0.803s] symbolically linking /home/james/turtlebot3_ws/build/turtlebot3_teleop/resource/turtlebot3_teleop -> /home/james/turtlebot3_ws/install/turtlebot3_teleop/share/ament_index/resource_index/packages
[0.803s] symbolically linking /home/james/turtlebot3_ws/build/turtlebot3_teleop/package.xml -> /home/james/turtlebot3_ws/install/turtlebot3_teleop/share/turtlebot3_teleop
[0.829s] Invoked command in '/home/james/turtlebot3_ws/build/turtlebot3_teleop' returned '0': PYTHONPATH=/home/james/turtlebot3_ws/build/turtlebot3_teleop/prefix_override:/usr/lib/python3/dist-packages/colcon_core/task/python/colcon_distutils_commands:/home/james/turtlebot3_ws/install/turtlebot3_teleop/lib/python3.10/site-packages:${PYTHONPATH} /usr/bin/python3 -W ignore:setup.py install is deprecated setup.py develop --editable --build-directory /home/james/turtlebot3_ws/build/turtlebot3_teleop/build --no-deps symlink_data
