[0.927s] Invoking command in '/home/james/turtlebot3_ws/src/custom_launch': PYTHONPATH=/home/james/turtlebot3_ws/build/custom_launch/prefix_override:/usr/lib/python3/dist-packages/colcon_core/task/python/colcon_distutils_commands:/home/james/turtlebot3_ws/install/custom_launch/lib/python3.10/site-packages:${PYTHONPATH} /usr/bin/python3 -W ignore:setup.py install is deprecated setup.py egg_info --egg-base ../../build/custom_launch build --build-base /home/james/turtlebot3_ws/build/custom_launch/build install --record /home/james/turtlebot3_ws/build/custom_launch/install.log --single-version-externally-managed install_data
[1.105s] running egg_info
[1.105s] writing ../../build/custom_launch/custom_launch.egg-info/PKG-INFO
[1.105s] writing dependency_links to ../../build/custom_launch/custom_launch.egg-info/dependency_links.txt
[1.106s] writing entry points to ../../build/custom_launch/custom_launch.egg-info/entry_points.txt
[1.106s] writing requirements to ../../build/custom_launch/custom_launch.egg-info/requires.txt
[1.106s] writing top-level names to ../../build/custom_launch/custom_launch.egg-info/top_level.txt
[1.107s] reading manifest file '../../build/custom_launch/custom_launch.egg-info/SOURCES.txt'
[1.108s] writing manifest file '../../build/custom_launch/custom_launch.egg-info/SOURCES.txt'
[1.108s] running build
[1.108s] running build_py
[1.108s] copying custom_launch/__init__.py -> /home/james/turtlebot3_ws/build/custom_launch/build/lib/custom_launch
[1.108s] running install
[1.108s] running install_lib
[1.109s] copying /home/james/turtlebot3_ws/build/custom_launch/build/lib/custom_launch/__init__.py -> /home/james/turtlebot3_ws/install/custom_launch/lib/python3.10/site-packages/custom_launch
[1.110s] byte-compiling /home/james/turtlebot3_ws/install/custom_launch/lib/python3.10/site-packages/custom_launch/__init__.py to __init__.cpython-310.pyc
[1.110s] running install_data
[1.110s] copying resource/custom_launch -> /home/james/turtlebot3_ws/install/custom_launch/share/ament_index/resource_index/packages
[1.110s] copying package.xml -> /home/james/turtlebot3_ws/install/custom_launch/share/custom_launch
[1.110s] running install_egg_info
[1.111s] removing '/home/james/turtlebot3_ws/install/custom_launch/lib/python3.10/site-packages/custom_launch-0.0.0-py3.10.egg-info' (and everything under it)
[1.111s] Copying ../../build/custom_launch/custom_launch.egg-info to /home/james/turtlebot3_ws/install/custom_launch/lib/python3.10/site-packages/custom_launch-0.0.0-py3.10.egg-info
[1.112s] running install_scripts
[1.127s] writing list of installed files to '/home/james/turtlebot3_ws/build/custom_launch/install.log'
[1.214s] Invoked command in '/home/james/turtlebot3_ws/src/custom_launch' returned '0': PYTHONPATH=/home/james/turtlebot3_ws/build/custom_launch/prefix_override:/usr/lib/python3/dist-packages/colcon_core/task/python/colcon_distutils_commands:/home/james/turtlebot3_ws/install/custom_launch/lib/python3.10/site-packages:${PYTHONPATH} /usr/bin/python3 -W ignore:setup.py install is deprecated setup.py egg_info --egg-base ../../build/custom_launch build --build-base /home/james/turtlebot3_ws/build/custom_launch/build install --record /home/james/turtlebot3_ws/build/custom_launch/install.log --single-version-externally-managed install_data
