[1.826s] Invoking command in '/home/james/turtlebot3_ws/build/turtlebot3_teleop': PYTHONPATH=/home/james/turtlebot3_ws/build/turtlebot3_teleop/prefix_override:/usr/lib/python3/dist-packages/colcon_core/task/python/colcon_distutils_commands:/home/james/turtlebot3_ws/install/turtlebot3_teleop/lib/python3.10/site-packages:${PYTHONPATH} /usr/bin/python3 -W ignore:setup.py install is deprecated setup.py develop --editable --build-directory /home/james/turtlebot3_ws/build/turtlebot3_teleop/build --no-deps symlink_data
[1.966s] /home/james/.local/lib/python3.10/site-packages/setuptools/_distutils/dist.py:261: UserWarning: Unknown distribution option: 'tests_require'
[1.966s]   warnings.warn(msg)
[2.114s] running develop
[2.114s] /home/james/.local/lib/python3.10/site-packages/setuptools/command/develop.py:41: EasyInstallDeprecationWarning: easy_install command is deprecated.
[2.115s] !!
[2.115s] 
[2.115s]         ********************************************************************************
[2.115s]         Please avoid running ``setup.py`` and ``easy_install``.
[2.115s]         Instead, use pypa/build, pypa/installer or other
[2.115s]         standards-based tools.
[2.115s] 
[2.115s]         See https://github.com/pypa/setuptools/issues/917 for details.
[2.115s]         ********************************************************************************
[2.115s] 
[2.115s] !!
[2.116s]   easy_install.initialize_options(self)
[2.305s] running egg_info
[2.319s] writing turtlebot3_teleop.egg-info/PKG-INFO
[2.320s] writing dependency_links to turtlebot3_teleop.egg-info/dependency_links.txt
[2.320s] writing entry points to turtlebot3_teleop.egg-info/entry_points.txt
[2.320s] writing requirements to turtlebot3_teleop.egg-info/requires.txt
[2.320s] writing top-level names to turtlebot3_teleop.egg-info/top_level.txt
[2.346s] reading manifest file 'turtlebot3_teleop.egg-info/SOURCES.txt'
[2.347s] writing manifest file 'turtlebot3_teleop.egg-info/SOURCES.txt'
[2.361s] running build_ext
[2.361s] Creating /home/james/turtlebot3_ws/install/turtlebot3_teleop/lib/python3.10/site-packages/turtlebot3-teleop.egg-link (link to .)
[2.362s] Installing teleop_keyboard script to /home/james/turtlebot3_ws/install/turtlebot3_teleop/lib/turtlebot3_teleop
[2.362s] 
[2.362s] Installed /home/james/turtlebot3_ws/build/turtlebot3_teleop
[2.362s] running symlink_data
[2.399s] Invoked command in '/home/james/turtlebot3_ws/build/turtlebot3_teleop' returned '0': PYTHONPATH=/home/james/turtlebot3_ws/build/turtlebot3_teleop/prefix_override:/usr/lib/python3/dist-packages/colcon_core/task/python/colcon_distutils_commands:/home/james/turtlebot3_ws/install/turtlebot3_teleop/lib/python3.10/site-packages:${PYTHONPATH} /usr/bin/python3 -W ignore:setup.py install is deprecated setup.py develop --editable --build-directory /home/james/turtlebot3_ws/build/turtlebot3_teleop/build --no-deps symlink_data
