[0.613s] Invoking command in '/home/james/turtlebot3_ws/build/turtlebot3_example': CMAKE_PREFIX_PATH=/home/james/turtlebot3_ws/install/turtlebot3_msgs:/home/james/turtlebot3_ws/install/turtlebot3:/home/james/turtlebot3_ws/install/turtlebot3_simulations:/home/james/turtlebot3_ws/install/turtlebot3_bringup:/home/james/turtlebot3_ws/install/turtlebot3_node:/home/james/turtlebot3_ws/install/turtlebot3_navigation2:/home/james/turtlebot3_ws/install/turtlebot3_fake_node:/home/james/turtlebot3_ws/install/turtlebot3_gazebo:/home/james/turtlebot3_ws/install/turtlebot3_description:/home/james/turtlebot3_ws/install/turtlebot3_cartographer:/home/james/turtlebot3_ws/install/dynamixel_sdk_examples:/home/james/turtlebot3_ws/install/dynamixel_sdk_custom_interfaces:/home/james/turtlebot3_ws/install/dynamixel_sdk LD_LIBRARY_PATH=/home/james/turtlebot3_ws/install/turtlebot3_msgs/lib:/home/james/turtlebot3_ws/install/dynamixel_sdk_custom_interfaces/lib:/home/james/turtlebot3_ws/install/dynamixel_sdk/lib:/usr/lib/x86_64-linux-gnu/gazebo-11/plugins:/opt/ros/humble/opt/rviz_ogre_vendor/lib:/opt/ros/humble/lib/x86_64-linux-gnu:/opt/ros/humble/lib:/usr/lib/x86_64-linux-gnu/gazebo-11/plugins PYTHONPATH=/home/james/turtlebot3_ws/build/turtlebot3_example/prefix_override:/usr/lib/python3/dist-packages/colcon_core/task/python/colcon_distutils_commands:/home/james/turtlebot3_ws/install/turtlebot3_example/lib/python3.10/site-packages:${PYTHONPATH} /usr/bin/python3 -W ignore:setup.py install is deprecated setup.py develop --uninstall --editable --build-directory /home/james/turtlebot3_ws/build/turtlebot3_example/build
[0.846s] running develop
[0.847s] /usr/lib/python3/dist-packages/setuptools/command/easy_install.py:158: EasyInstallDeprecationWarning: easy_install command is deprecated. Use build and pip and other standards-based tools.
[0.847s]   warnings.warn(
[0.898s] /usr/lib/python3/dist-packages/pkg_resources/__init__.py:116: PkgResourcesDeprecationWarning: 2.22.1ubuntu1 is an invalid version and will not be supported in a future release
[0.899s]   warnings.warn(
[0.899s] /usr/lib/python3/dist-packages/pkg_resources/__init__.py:116: PkgResourcesDeprecationWarning: 11.4.1ubuntu1 is an invalid version and will not be supported in a future release
[0.899s]   warnings.warn(
[0.986s] Removing /home/james/turtlebot3_ws/install/turtlebot3_example/lib/python3.10/site-packages/turtlebot3-example.egg-link (link to .)
[1.014s] Invoked command in '/home/james/turtlebot3_ws/build/turtlebot3_example' returned '0': CMAKE_PREFIX_PATH=/home/james/turtlebot3_ws/install/turtlebot3_msgs:/home/james/turtlebot3_ws/install/turtlebot3:/home/james/turtlebot3_ws/install/turtlebot3_simulations:/home/james/turtlebot3_ws/install/turtlebot3_bringup:/home/james/turtlebot3_ws/install/turtlebot3_node:/home/james/turtlebot3_ws/install/turtlebot3_navigation2:/home/james/turtlebot3_ws/install/turtlebot3_fake_node:/home/james/turtlebot3_ws/install/turtlebot3_gazebo:/home/james/turtlebot3_ws/install/turtlebot3_description:/home/james/turtlebot3_ws/install/turtlebot3_cartographer:/home/james/turtlebot3_ws/install/dynamixel_sdk_examples:/home/james/turtlebot3_ws/install/dynamixel_sdk_custom_interfaces:/home/james/turtlebot3_ws/install/dynamixel_sdk LD_LIBRARY_PATH=/home/james/turtlebot3_ws/install/turtlebot3_msgs/lib:/home/james/turtlebot3_ws/install/dynamixel_sdk_custom_interfaces/lib:/home/james/turtlebot3_ws/install/dynamixel_sdk/lib:/usr/lib/x86_64-linux-gnu/gazebo-11/plugins:/opt/ros/humble/opt/rviz_ogre_vendor/lib:/opt/ros/humble/lib/x86_64-linux-gnu:/opt/ros/humble/lib:/usr/lib/x86_64-linux-gnu/gazebo-11/plugins PYTHONPATH=/home/james/turtlebot3_ws/build/turtlebot3_example/prefix_override:/usr/lib/python3/dist-packages/colcon_core/task/python/colcon_distutils_commands:/home/james/turtlebot3_ws/install/turtlebot3_example/lib/python3.10/site-packages:${PYTHONPATH} /usr/bin/python3 -W ignore:setup.py install is deprecated setup.py develop --uninstall --editable --build-directory /home/james/turtlebot3_ws/build/turtlebot3_example/build
[1.016s] Invoking command in '/home/james/turtlebot3_ws/src/turtlebot3/turtlebot3_example': CMAKE_PREFIX_PATH=/home/james/turtlebot3_ws/install/turtlebot3_msgs:/home/james/turtlebot3_ws/install/turtlebot3:/home/james/turtlebot3_ws/install/turtlebot3_simulations:/home/james/turtlebot3_ws/install/turtlebot3_bringup:/home/james/turtlebot3_ws/install/turtlebot3_node:/home/james/turtlebot3_ws/install/turtlebot3_navigation2:/home/james/turtlebot3_ws/install/turtlebot3_fake_node:/home/james/turtlebot3_ws/install/turtlebot3_gazebo:/home/james/turtlebot3_ws/install/turtlebot3_description:/home/james/turtlebot3_ws/install/turtlebot3_cartographer:/home/james/turtlebot3_ws/install/dynamixel_sdk_examples:/home/james/turtlebot3_ws/install/dynamixel_sdk_custom_interfaces:/home/james/turtlebot3_ws/install/dynamixel_sdk LD_LIBRARY_PATH=/home/james/turtlebot3_ws/install/turtlebot3_msgs/lib:/home/james/turtlebot3_ws/install/dynamixel_sdk_custom_interfaces/lib:/home/james/turtlebot3_ws/install/dynamixel_sdk/lib:/usr/lib/x86_64-linux-gnu/gazebo-11/plugins:/opt/ros/humble/opt/rviz_ogre_vendor/lib:/opt/ros/humble/lib/x86_64-linux-gnu:/opt/ros/humble/lib:/usr/lib/x86_64-linux-gnu/gazebo-11/plugins PYTHONPATH=/home/james/turtlebot3_ws/build/turtlebot3_example/prefix_override:/usr/lib/python3/dist-packages/colcon_core/task/python/colcon_distutils_commands:/home/james/turtlebot3_ws/install/turtlebot3_example/lib/python3.10/site-packages:${PYTHONPATH} /usr/bin/python3 -W ignore:setup.py install is deprecated setup.py egg_info --egg-base ../../../build/turtlebot3_example build --build-base /home/james/turtlebot3_ws/build/turtlebot3_example/build install --record /home/james/turtlebot3_ws/build/turtlebot3_example/install.log --single-version-externally-managed install_data --force
[1.213s] running egg_info
[1.214s] writing ../../../build/turtlebot3_example/turtlebot3_example.egg-info/PKG-INFO
[1.214s] writing dependency_links to ../../../build/turtlebot3_example/turtlebot3_example.egg-info/dependency_links.txt
[1.214s] writing entry points to ../../../build/turtlebot3_example/turtlebot3_example.egg-info/entry_points.txt
[1.214s] writing requirements to ../../../build/turtlebot3_example/turtlebot3_example.egg-info/requires.txt
[1.214s] writing top-level names to ../../../build/turtlebot3_example/turtlebot3_example.egg-info/top_level.txt
[1.216s] reading manifest file '../../../build/turtlebot3_example/turtlebot3_example.egg-info/SOURCES.txt'
[1.217s] writing manifest file '../../../build/turtlebot3_example/turtlebot3_example.egg-info/SOURCES.txt'
[1.217s] running build
[1.217s] running build_py
[1.218s] creating /home/james/turtlebot3_ws/build/turtlebot3_example/build
[1.218s] creating /home/james/turtlebot3_ws/build/turtlebot3_example/build/lib
[1.218s] creating /home/james/turtlebot3_ws/build/turtlebot3_example/build/lib/turtlebot3_example
[1.218s] copying turtlebot3_example/__init__.py -> /home/james/turtlebot3_ws/build/turtlebot3_example/build/lib/turtlebot3_example
[1.218s] creating /home/james/turtlebot3_ws/build/turtlebot3_example/build/lib/turtlebot3_example/turtlebot3_obstacle_detection
[1.219s] copying turtlebot3_example/turtlebot3_obstacle_detection/main.py -> /home/james/turtlebot3_ws/build/turtlebot3_example/build/lib/turtlebot3_example/turtlebot3_obstacle_detection
[1.219s] copying turtlebot3_example/turtlebot3_obstacle_detection/turtlebot3_obstacle_detection.py -> /home/james/turtlebot3_ws/build/turtlebot3_example/build/lib/turtlebot3_example/turtlebot3_obstacle_detection
[1.219s] copying turtlebot3_example/turtlebot3_obstacle_detection/__init__.py -> /home/james/turtlebot3_ws/build/turtlebot3_example/build/lib/turtlebot3_example/turtlebot3_obstacle_detection
[1.219s] creating /home/james/turtlebot3_ws/build/turtlebot3_example/build/lib/turtlebot3_example/turtlebot3_patrol_server
[1.219s] copying turtlebot3_example/turtlebot3_patrol_server/main.py -> /home/james/turtlebot3_ws/build/turtlebot3_example/build/lib/turtlebot3_example/turtlebot3_patrol_server
[1.219s] copying turtlebot3_example/turtlebot3_patrol_server/turtlebot3_path.py -> /home/james/turtlebot3_ws/build/turtlebot3_example/build/lib/turtlebot3_example/turtlebot3_patrol_server
[1.219s] copying turtlebot3_example/turtlebot3_patrol_server/turtlebot3_patrol_server.py -> /home/james/turtlebot3_ws/build/turtlebot3_example/build/lib/turtlebot3_example/turtlebot3_patrol_server
[1.219s] copying turtlebot3_example/turtlebot3_patrol_server/__init__.py -> /home/james/turtlebot3_ws/build/turtlebot3_example/build/lib/turtlebot3_example/turtlebot3_patrol_server
[1.219s] creating /home/james/turtlebot3_ws/build/turtlebot3_example/build/lib/turtlebot3_example/turtlebot3_position_control
[1.220s] copying turtlebot3_example/turtlebot3_position_control/turtlebot3_position_control.py -> /home/james/turtlebot3_ws/build/turtlebot3_example/build/lib/turtlebot3_example/turtlebot3_position_control
[1.220s] copying turtlebot3_example/turtlebot3_position_control/main.py -> /home/james/turtlebot3_ws/build/turtlebot3_example/build/lib/turtlebot3_example/turtlebot3_position_control
[1.220s] copying turtlebot3_example/turtlebot3_position_control/turtlebot3_path.py -> /home/james/turtlebot3_ws/build/turtlebot3_example/build/lib/turtlebot3_example/turtlebot3_position_control
[1.220s] copying turtlebot3_example/turtlebot3_position_control/__init__.py -> /home/james/turtlebot3_ws/build/turtlebot3_example/build/lib/turtlebot3_example/turtlebot3_position_control
[1.220s] creating /home/james/turtlebot3_ws/build/turtlebot3_example/build/lib/turtlebot3_example/turtlebot3_patrol_client
[1.220s] copying turtlebot3_example/turtlebot3_patrol_client/main.py -> /home/james/turtlebot3_ws/build/turtlebot3_example/build/lib/turtlebot3_example/turtlebot3_patrol_client
[1.220s] copying turtlebot3_example/turtlebot3_patrol_client/turtlebot3_patrol_client.py -> /home/james/turtlebot3_ws/build/turtlebot3_example/build/lib/turtlebot3_example/turtlebot3_patrol_client
[1.221s] copying turtlebot3_example/turtlebot3_patrol_client/__init__.py -> /home/james/turtlebot3_ws/build/turtlebot3_example/build/lib/turtlebot3_example/turtlebot3_patrol_client
[1.221s] running install
[1.221s] running install_lib
[1.221s] creating /home/james/turtlebot3_ws/install/turtlebot3_example/lib/python3.10/site-packages/turtlebot3_example
[1.221s] copying /home/james/turtlebot3_ws/build/turtlebot3_example/build/lib/turtlebot3_example/__init__.py -> /home/james/turtlebot3_ws/install/turtlebot3_example/lib/python3.10/site-packages/turtlebot3_example
[1.221s] creating /home/james/turtlebot3_ws/install/turtlebot3_example/lib/python3.10/site-packages/turtlebot3_example/turtlebot3_obstacle_detection
[1.221s] copying /home/james/turtlebot3_ws/build/turtlebot3_example/build/lib/turtlebot3_example/turtlebot3_obstacle_detection/main.py -> /home/james/turtlebot3_ws/install/turtlebot3_example/lib/python3.10/site-packages/turtlebot3_example/turtlebot3_obstacle_detection
[1.222s] copying /home/james/turtlebot3_ws/build/turtlebot3_example/build/lib/turtlebot3_example/turtlebot3_obstacle_detection/turtlebot3_obstacle_detection.py -> /home/james/turtlebot3_ws/install/turtlebot3_example/lib/python3.10/site-packages/turtlebot3_example/turtlebot3_obstacle_detection
[1.222s] copying /home/james/turtlebot3_ws/build/turtlebot3_example/build/lib/turtlebot3_example/turtlebot3_obstacle_detection/__init__.py -> /home/james/turtlebot3_ws/install/turtlebot3_example/lib/python3.10/site-packages/turtlebot3_example/turtlebot3_obstacle_detection
[1.222s] creating /home/james/turtlebot3_ws/install/turtlebot3_example/lib/python3.10/site-packages/turtlebot3_example/turtlebot3_patrol_server
[1.222s] copying /home/james/turtlebot3_ws/build/turtlebot3_example/build/lib/turtlebot3_example/turtlebot3_patrol_server/main.py -> /home/james/turtlebot3_ws/install/turtlebot3_example/lib/python3.10/site-packages/turtlebot3_example/turtlebot3_patrol_server
[1.222s] copying /home/james/turtlebot3_ws/build/turtlebot3_example/build/lib/turtlebot3_example/turtlebot3_patrol_server/turtlebot3_path.py -> /home/james/turtlebot3_ws/install/turtlebot3_example/lib/python3.10/site-packages/turtlebot3_example/turtlebot3_patrol_server
[1.222s] copying /home/james/turtlebot3_ws/build/turtlebot3_example/build/lib/turtlebot3_example/turtlebot3_patrol_server/turtlebot3_patrol_server.py -> /home/james/turtlebot3_ws/install/turtlebot3_example/lib/python3.10/site-packages/turtlebot3_example/turtlebot3_patrol_server
[1.222s] copying /home/james/turtlebot3_ws/build/turtlebot3_example/build/lib/turtlebot3_example/turtlebot3_patrol_server/__init__.py -> /home/james/turtlebot3_ws/install/turtlebot3_example/lib/python3.10/site-packages/turtlebot3_example/turtlebot3_patrol_server
[1.222s] creating /home/james/turtlebot3_ws/install/turtlebot3_example/lib/python3.10/site-packages/turtlebot3_example/turtlebot3_position_control
[1.222s] copying /home/james/turtlebot3_ws/build/turtlebot3_example/build/lib/turtlebot3_example/turtlebot3_position_control/turtlebot3_position_control.py -> /home/james/turtlebot3_ws/install/turtlebot3_example/lib/python3.10/site-packages/turtlebot3_example/turtlebot3_position_control
[1.222s] copying /home/james/turtlebot3_ws/build/turtlebot3_example/build/lib/turtlebot3_example/turtlebot3_position_control/main.py -> /home/james/turtlebot3_ws/install/turtlebot3_example/lib/python3.10/site-packages/turtlebot3_example/turtlebot3_position_control
[1.223s] copying /home/james/turtlebot3_ws/build/turtlebot3_example/build/lib/turtlebot3_example/turtlebot3_position_control/turtlebot3_path.py -> /home/james/turtlebot3_ws/install/turtlebot3_example/lib/python3.10/site-packages/turtlebot3_example/turtlebot3_position_control
[1.223s] copying /home/james/turtlebot3_ws/build/turtlebot3_example/build/lib/turtlebot3_example/turtlebot3_position_control/__init__.py -> /home/james/turtlebot3_ws/install/turtlebot3_example/lib/python3.10/site-packages/turtlebot3_example/turtlebot3_position_control
[1.223s] creating /home/james/turtlebot3_ws/install/turtlebot3_example/lib/python3.10/site-packages/turtlebot3_example/turtlebot3_patrol_client
[1.223s] copying /home/james/turtlebot3_ws/build/turtlebot3_example/build/lib/turtlebot3_example/turtlebot3_patrol_client/main.py -> /home/james/turtlebot3_ws/install/turtlebot3_example/lib/python3.10/site-packages/turtlebot3_example/turtlebot3_patrol_client
[1.223s] copying /home/james/turtlebot3_ws/build/turtlebot3_example/build/lib/turtlebot3_example/turtlebot3_patrol_client/turtlebot3_patrol_client.py -> /home/james/turtlebot3_ws/install/turtlebot3_example/lib/python3.10/site-packages/turtlebot3_example/turtlebot3_patrol_client
[1.223s] copying /home/james/turtlebot3_ws/build/turtlebot3_example/build/lib/turtlebot3_example/turtlebot3_patrol_client/__init__.py -> /home/james/turtlebot3_ws/install/turtlebot3_example/lib/python3.10/site-packages/turtlebot3_example/turtlebot3_patrol_client
[1.223s] byte-compiling /home/james/turtlebot3_ws/install/turtlebot3_example/lib/python3.10/site-packages/turtlebot3_example/__init__.py to __init__.cpython-310.pyc
[1.223s] byte-compiling /home/james/turtlebot3_ws/install/turtlebot3_example/lib/python3.10/site-packages/turtlebot3_example/turtlebot3_obstacle_detection/main.py to main.cpython-310.pyc
[1.223s] byte-compiling /home/james/turtlebot3_ws/install/turtlebot3_example/lib/python3.10/site-packages/turtlebot3_example/turtlebot3_obstacle_detection/turtlebot3_obstacle_detection.py to turtlebot3_obstacle_detection.cpython-310.pyc
[1.224s] byte-compiling /home/james/turtlebot3_ws/install/turtlebot3_example/lib/python3.10/site-packages/turtlebot3_example/turtlebot3_obstacle_detection/__init__.py to __init__.cpython-310.pyc
[1.224s] byte-compiling /home/james/turtlebot3_ws/install/turtlebot3_example/lib/python3.10/site-packages/turtlebot3_example/turtlebot3_patrol_server/main.py to main.cpython-310.pyc
[1.224s] byte-compiling /home/james/turtlebot3_ws/install/turtlebot3_example/lib/python3.10/site-packages/turtlebot3_example/turtlebot3_patrol_server/turtlebot3_path.py to turtlebot3_path.cpython-310.pyc
[1.224s] byte-compiling /home/james/turtlebot3_ws/install/turtlebot3_example/lib/python3.10/site-packages/turtlebot3_example/turtlebot3_patrol_server/turtlebot3_patrol_server.py to turtlebot3_patrol_server.cpython-310.pyc
[1.224s] byte-compiling /home/james/turtlebot3_ws/install/turtlebot3_example/lib/python3.10/site-packages/turtlebot3_example/turtlebot3_patrol_server/__init__.py to __init__.cpython-310.pyc
[1.224s] byte-compiling /home/james/turtlebot3_ws/install/turtlebot3_example/lib/python3.10/site-packages/turtlebot3_example/turtlebot3_position_control/turtlebot3_position_control.py to turtlebot3_position_control.cpython-310.pyc
[1.224s] byte-compiling /home/james/turtlebot3_ws/install/turtlebot3_example/lib/python3.10/site-packages/turtlebot3_example/turtlebot3_position_control/main.py to main.cpython-310.pyc
[1.225s] byte-compiling /home/james/turtlebot3_ws/install/turtlebot3_example/lib/python3.10/site-packages/turtlebot3_example/turtlebot3_position_control/turtlebot3_path.py to turtlebot3_path.cpython-310.pyc
[1.225s] byte-compiling /home/james/turtlebot3_ws/install/turtlebot3_example/lib/python3.10/site-packages/turtlebot3_example/turtlebot3_position_control/__init__.py to __init__.cpython-310.pyc
[1.225s] byte-compiling /home/james/turtlebot3_ws/install/turtlebot3_example/lib/python3.10/site-packages/turtlebot3_example/turtlebot3_patrol_client/main.py to main.cpython-310.pyc
[1.225s] byte-compiling /home/james/turtlebot3_ws/install/turtlebot3_example/lib/python3.10/site-packages/turtlebot3_example/turtlebot3_patrol_client/turtlebot3_patrol_client.py to turtlebot3_patrol_client.cpython-310.pyc
[1.226s] byte-compiling /home/james/turtlebot3_ws/install/turtlebot3_example/lib/python3.10/site-packages/turtlebot3_example/turtlebot3_patrol_client/__init__.py to __init__.cpython-310.pyc
[1.226s] running install_data
[1.226s] copying resource/turtlebot3_example -> /home/james/turtlebot3_ws/install/turtlebot3_example/share/ament_index/resource_index/packages
[1.226s] copying package.xml -> /home/james/turtlebot3_ws/install/turtlebot3_example/share/turtlebot3_example
[1.226s] running install_egg_info
[1.228s] Copying ../../../build/turtlebot3_example/turtlebot3_example.egg-info to /home/james/turtlebot3_ws/install/turtlebot3_example/lib/python3.10/site-packages/turtlebot3_example-2.1.5-py3.10.egg-info
[1.228s] running install_scripts
[1.246s] Installing turtlebot3_obstacle_detection script to /home/james/turtlebot3_ws/install/turtlebot3_example/lib/turtlebot3_example
[1.246s] Installing turtlebot3_patrol_client script to /home/james/turtlebot3_ws/install/turtlebot3_example/lib/turtlebot3_example
[1.247s] Installing turtlebot3_patrol_server script to /home/james/turtlebot3_ws/install/turtlebot3_example/lib/turtlebot3_example
[1.247s] Installing turtlebot3_position_control script to /home/james/turtlebot3_ws/install/turtlebot3_example/lib/turtlebot3_example
[1.247s] writing list of installed files to '/home/james/turtlebot3_ws/build/turtlebot3_example/install.log'
[1.267s] Invoked command in '/home/james/turtlebot3_ws/src/turtlebot3/turtlebot3_example' returned '0': CMAKE_PREFIX_PATH=/home/james/turtlebot3_ws/install/turtlebot3_msgs:/home/james/turtlebot3_ws/install/turtlebot3:/home/james/turtlebot3_ws/install/turtlebot3_simulations:/home/james/turtlebot3_ws/install/turtlebot3_bringup:/home/james/turtlebot3_ws/install/turtlebot3_node:/home/james/turtlebot3_ws/install/turtlebot3_navigation2:/home/james/turtlebot3_ws/install/turtlebot3_fake_node:/home/james/turtlebot3_ws/install/turtlebot3_gazebo:/home/james/turtlebot3_ws/install/turtlebot3_description:/home/james/turtlebot3_ws/install/turtlebot3_cartographer:/home/james/turtlebot3_ws/install/dynamixel_sdk_examples:/home/james/turtlebot3_ws/install/dynamixel_sdk_custom_interfaces:/home/james/turtlebot3_ws/install/dynamixel_sdk LD_LIBRARY_PATH=/home/james/turtlebot3_ws/install/turtlebot3_msgs/lib:/home/james/turtlebot3_ws/install/dynamixel_sdk_custom_interfaces/lib:/home/james/turtlebot3_ws/install/dynamixel_sdk/lib:/usr/lib/x86_64-linux-gnu/gazebo-11/plugins:/opt/ros/humble/opt/rviz_ogre_vendor/lib:/opt/ros/humble/lib/x86_64-linux-gnu:/opt/ros/humble/lib:/usr/lib/x86_64-linux-gnu/gazebo-11/plugins PYTHONPATH=/home/james/turtlebot3_ws/build/turtlebot3_example/prefix_override:/usr/lib/python3/dist-packages/colcon_core/task/python/colcon_distutils_commands:/home/james/turtlebot3_ws/install/turtlebot3_example/lib/python3.10/site-packages:${PYTHONPATH} /usr/bin/python3 -W ignore:setup.py install is deprecated setup.py egg_info --egg-base ../../../build/turtlebot3_example build --build-base /home/james/turtlebot3_ws/build/turtlebot3_example/build install --record /home/james/turtlebot3_ws/build/turtlebot3_example/install.log --single-version-externally-managed install_data --force
