running develop
/usr/lib/python3/dist-packages/setuptools/command/easy_install.py:158: EasyInstallDeprecationWarning: easy_install command is deprecated. Use build and pip and other standards-based tools.
  warnings.warn(
/usr/lib/python3/dist-packages/pkg_resources/__init__.py:116: PkgResourcesDeprecationWarning: 2.22.1ubuntu1 is an invalid version and will not be supported in a future release
  warnings.warn(
/usr/lib/python3/dist-packages/pkg_resources/__init__.py:116: PkgResourcesDeprecationWarning: 11.4.1ubuntu1 is an invalid version and will not be supported in a future release
  warnings.warn(
Removing /home/james/turtlebot3_ws/install/follow_waypoints/lib/python3.10/site-packages/follow-waypoints.egg-link (link to .)
running egg_info
writing ../../build/follow_waypoints/follow_waypoints.egg-info/PKG-INFO
writing dependency_links to ../../build/follow_waypoints/follow_waypoints.egg-info/dependency_links.txt
writing entry points to ../../build/follow_waypoints/follow_waypoints.egg-info/entry_points.txt
writing requirements to ../../build/follow_waypoints/follow_waypoints.egg-info/requires.txt
writing top-level names to ../../build/follow_waypoints/follow_waypoints.egg-info/top_level.txt
reading manifest file '../../build/follow_waypoints/follow_waypoints.egg-info/SOURCES.txt'
writing manifest file '../../build/follow_waypoints/follow_waypoints.egg-info/SOURCES.txt'
running build
running build_py
copying follow_waypoints/follow_waypoints.py -> /home/james/turtlebot3_ws/build/follow_waypoints/build/lib/follow_waypoints
running install
running install_lib
creating /home/james/turtlebot3_ws/install/follow_waypoints/lib/python3.10/site-packages/follow_waypoints
copying /home/james/turtlebot3_ws/build/follow_waypoints/build/lib/follow_waypoints/__init__.py -> /home/james/turtlebot3_ws/install/follow_waypoints/lib/python3.10/site-packages/follow_waypoints
copying /home/james/turtlebot3_ws/build/follow_waypoints/build/lib/follow_waypoints/follow_waypoints.py -> /home/james/turtlebot3_ws/install/follow_waypoints/lib/python3.10/site-packages/follow_waypoints
byte-compiling /home/james/turtlebot3_ws/install/follow_waypoints/lib/python3.10/site-packages/follow_waypoints/__init__.py to __init__.cpython-310.pyc
byte-compiling /home/james/turtlebot3_ws/install/follow_waypoints/lib/python3.10/site-packages/follow_waypoints/follow_waypoints.py to follow_waypoints.cpython-310.pyc
running install_data
copying resource/follow_waypoints -> /home/james/turtlebot3_ws/install/follow_waypoints/share/ament_index/resource_index/packages
copying package.xml -> /home/james/turtlebot3_ws/install/follow_waypoints/share/follow_waypoints
copying config/follow_waypoints.yaml -> /home/james/turtlebot3_ws/install/follow_waypoints/share/follow_waypoints/config
running install_egg_info
Copying ../../build/follow_waypoints/follow_waypoints.egg-info to /home/james/turtlebot3_ws/install/follow_waypoints/lib/python3.10/site-packages/follow_waypoints-0.0.0-py3.10.egg-info
running install_scripts
Installing follow_waypoints_exe script to /home/james/turtlebot3_ws/install/follow_waypoints/lib/follow_waypoints
writing list of installed files to '/home/james/turtlebot3_ws/build/follow_waypoints/install.log'
