[0.037s] Invoking command in '/home/james/turtlebot3_ws/build/dynamixel_sdk': CMAKE_PREFIX_PATH=${CMAKE_PREFIX_PATH}:/home/james/turtlebot3_ws/install/turtlebot3_teleop:/home/james/turtlebot3_ws/install/turtlebot3_example:/home/james/turtlebot3_ws/install/follow_waypoints:/home/james/turtlebot3_ws/install/custom_launch:/opt/ros/humble /usr/bin/cmake /home/james/turtlebot3_ws/src/DynamixelSDK/dynamixel_sdk -DCMAKE_INSTALL_PREFIX=/home/james/turtlebot3_ws/install/dynamixel_sdk
[0.439s] -- Found ament_cmake: 1.3.10 (/opt/ros/humble/share/ament_cmake/cmake)
[0.440s] -- Override CMake install command with custom implementation using symlinks instead of copying resources
[0.441s] -- Configuring done
[0.442s] -- Generating done
[0.442s] -- Build files have been written to: /home/james/turtlebot3_ws/build/dynamixel_sdk
[0.636s] Invoked command in '/home/james/turtlebot3_ws/build/dynamixel_sdk' returned '0': CMAKE_PREFIX_PATH=${CMAKE_PREFIX_PATH}:/home/james/turtlebot3_ws/install/turtlebot3_teleop:/home/james/turtlebot3_ws/install/turtlebot3_example:/home/james/turtlebot3_ws/install/follow_waypoints:/home/james/turtlebot3_ws/install/custom_launch:/opt/ros/humble /usr/bin/cmake /home/james/turtlebot3_ws/src/DynamixelSDK/dynamixel_sdk -DCMAKE_INSTALL_PREFIX=/home/james/turtlebot3_ws/install/dynamixel_sdk
[0.638s] Invoking command in '/home/james/turtlebot3_ws/build/dynamixel_sdk': CMAKE_PREFIX_PATH=${CMAKE_PREFIX_PATH}:/home/james/turtlebot3_ws/install/turtlebot3_teleop:/home/james/turtlebot3_ws/install/turtlebot3_example:/home/james/turtlebot3_ws/install/follow_waypoints:/home/james/turtlebot3_ws/install/custom_launch:/opt/ros/humble /usr/bin/cmake --build /home/james/turtlebot3_ws/build/dynamixel_sdk -- -j20 -l20
[0.670s] [35m[1mConsolidate compiler generated dependencies of target dynamixel_sdk[0m
[0.685s] [100%] Built target dynamixel_sdk
[0.701s] Invoked command in '/home/james/turtlebot3_ws/build/dynamixel_sdk' returned '0': CMAKE_PREFIX_PATH=${CMAKE_PREFIX_PATH}:/home/james/turtlebot3_ws/install/turtlebot3_teleop:/home/james/turtlebot3_ws/install/turtlebot3_example:/home/james/turtlebot3_ws/install/follow_waypoints:/home/james/turtlebot3_ws/install/custom_launch:/opt/ros/humble /usr/bin/cmake --build /home/james/turtlebot3_ws/build/dynamixel_sdk -- -j20 -l20
[0.754s] Invoking command in '/home/james/turtlebot3_ws/build/dynamixel_sdk': CMAKE_PREFIX_PATH=${CMAKE_PREFIX_PATH}:/home/james/turtlebot3_ws/install/turtlebot3_teleop:/home/james/turtlebot3_ws/install/turtlebot3_example:/home/james/turtlebot3_ws/install/follow_waypoints:/home/james/turtlebot3_ws/install/custom_launch:/opt/ros/humble /usr/bin/cmake --install /home/james/turtlebot3_ws/build/dynamixel_sdk
[0.761s] -- Install configuration: ""
[0.761s] -- Execute custom install script
[0.762s] -- Up-to-date symlink: /home/james/turtlebot3_ws/install/dynamixel_sdk/include//dynamixel_sdk/dynamixel_sdk.h
[0.762s] -- Up-to-date symlink: /home/james/turtlebot3_ws/install/dynamixel_sdk/include//dynamixel_sdk/group_bulk_read.h
[0.762s] -- Up-to-date symlink: /home/james/turtlebot3_ws/install/dynamixel_sdk/include//dynamixel_sdk/group_bulk_write.h
[0.762s] -- Up-to-date symlink: /home/james/turtlebot3_ws/install/dynamixel_sdk/include//dynamixel_sdk/group_sync_read.h
[0.762s] -- Up-to-date symlink: /home/james/turtlebot3_ws/install/dynamixel_sdk/include//dynamixel_sdk/group_sync_write.h
[0.763s] -- Up-to-date symlink: /home/james/turtlebot3_ws/install/dynamixel_sdk/include//dynamixel_sdk/packet_handler.h
[0.763s] -- Up-to-date symlink: /home/james/turtlebot3_ws/install/dynamixel_sdk/include//dynamixel_sdk/port_handler.h
[0.763s] -- Up-to-date symlink: /home/james/turtlebot3_ws/install/dynamixel_sdk/include//dynamixel_sdk/port_handler_arduino.h
[0.764s] -- Up-to-date symlink: /home/james/turtlebot3_ws/install/dynamixel_sdk/include//dynamixel_sdk/port_handler_linux.h
[0.764s] -- Up-to-date symlink: /home/james/turtlebot3_ws/install/dynamixel_sdk/include//dynamixel_sdk/port_handler_mac.h
[0.764s] -- Up-to-date symlink: /home/james/turtlebot3_ws/install/dynamixel_sdk/include//dynamixel_sdk/port_handler_windows.h
[0.765s] -- Up-to-date symlink: /home/james/turtlebot3_ws/install/dynamixel_sdk/include//dynamixel_sdk/protocol1_packet_handler.h
[0.765s] -- Up-to-date symlink: /home/james/turtlebot3_ws/install/dynamixel_sdk/include//dynamixel_sdk/protocol2_packet_handler.h
[0.766s] -- Up-to-date symlink: /home/james/turtlebot3_ws/install/dynamixel_sdk/lib/libdynamixel_sdk.so
[0.766s] -- Up-to-date symlink: /home/james/turtlebot3_ws/install/dynamixel_sdk/share/dynamixel_sdk/environment/library_path.sh
[0.766s] -- Up-to-date symlink: /home/james/turtlebot3_ws/install/dynamixel_sdk/share/dynamixel_sdk/environment/library_path.dsv
[0.766s] -- Up-to-date symlink: /home/james/turtlebot3_ws/install/dynamixel_sdk/share/ament_index/resource_index/package_run_dependencies/dynamixel_sdk
[0.766s] -- Up-to-date symlink: /home/james/turtlebot3_ws/install/dynamixel_sdk/share/ament_index/resource_index/parent_prefix_path/dynamixel_sdk
[0.766s] -- Up-to-date symlink: /home/james/turtlebot3_ws/install/dynamixel_sdk/share/dynamixel_sdk/environment/ament_prefix_path.sh
[0.766s] -- Up-to-date symlink: /home/james/turtlebot3_ws/install/dynamixel_sdk/share/dynamixel_sdk/environment/ament_prefix_path.dsv
[0.766s] -- Up-to-date symlink: /home/james/turtlebot3_ws/install/dynamixel_sdk/share/dynamixel_sdk/environment/path.sh
[0.767s] -- Up-to-date symlink: /home/james/turtlebot3_ws/install/dynamixel_sdk/share/dynamixel_sdk/environment/path.dsv
[0.767s] -- Up-to-date symlink: /home/james/turtlebot3_ws/install/dynamixel_sdk/share/dynamixel_sdk/local_setup.bash
[0.767s] -- Up-to-date symlink: /home/james/turtlebot3_ws/install/dynamixel_sdk/share/dynamixel_sdk/local_setup.sh
[0.767s] -- Up-to-date symlink: /home/james/turtlebot3_ws/install/dynamixel_sdk/share/dynamixel_sdk/local_setup.zsh
[0.767s] -- Up-to-date symlink: /home/james/turtlebot3_ws/install/dynamixel_sdk/share/dynamixel_sdk/local_setup.dsv
[0.767s] -- Symlinking: /home/james/turtlebot3_ws/install/dynamixel_sdk/share/dynamixel_sdk/package.dsv
[0.770s] -- Up-to-date symlink: /home/james/turtlebot3_ws/install/dynamixel_sdk/share/ament_index/resource_index/packages/dynamixel_sdk
[0.771s] -- Up-to-date symlink: /home/james/turtlebot3_ws/install/dynamixel_sdk/share/dynamixel_sdk/cmake/ament_cmake_export_include_directories-extras.cmake
[0.772s] -- Up-to-date symlink: /home/james/turtlebot3_ws/install/dynamixel_sdk/share/dynamixel_sdk/cmake/ament_cmake_export_libraries-extras.cmake
[0.772s] -- Up-to-date symlink: /home/james/turtlebot3_ws/install/dynamixel_sdk/share/dynamixel_sdk/cmake/dynamixel_sdkConfig.cmake
[0.773s] -- Up-to-date symlink: /home/james/turtlebot3_ws/install/dynamixel_sdk/share/dynamixel_sdk/cmake/dynamixel_sdkConfig-version.cmake
[0.773s] -- Up-to-date symlink: /home/james/turtlebot3_ws/install/dynamixel_sdk/share/dynamixel_sdk/package.xml
[0.782s] Invoked command in '/home/james/turtlebot3_ws/build/dynamixel_sdk' returned '0': CMAKE_PREFIX_PATH=${CMAKE_PREFIX_PATH}:/home/james/turtlebot3_ws/install/turtlebot3_teleop:/home/james/turtlebot3_ws/install/turtlebot3_example:/home/james/turtlebot3_ws/install/follow_waypoints:/home/james/turtlebot3_ws/install/custom_launch:/opt/ros/humble /usr/bin/cmake --install /home/james/turtlebot3_ws/build/dynamixel_sdk
